<?xml version="1.0" encoding="utf-8"?><testsuites name="pytest tests"><testsuite name="pytest" errors="0" failures="1" skipped="0" tests="1" time="0.956" timestamp="2026-01-24T14:59:02.884379-08:00" hostname="9950X3D"><testcase classname="tests.unit.builder.test_builder_warning_logic.TestBuilderWarningLogic" name="test_change_type_empty_ship" time="0.130"><failure message="AssertionError: Expected '_execute_pending_action' to have been called once. Called 0 times.">self = &lt;test_builder_warning_logic.TestBuilderWarningLogic object at 0x000002412DD3E5F0&gt;
builder_warning_setup = &lt;game.ui.screens.builder_screen.BuilderSceneGUI object at 0x000002412E8B04F0&gt;

    def test_change_type_empty_ship(self, builder_warning_setup):
        """Test changing type with no components triggers immediate action."""
        builder = builder_warning_setup
        builder.ship.layers = {'CORE': {'components': []}}
    
        event = MagicMock()
        event.type = pygame_gui.UI_DROP_DOWN_MENU_CHANGED
        event.ui_element = builder.right_panel.vehicle_type_dropdown
        event.text = "Station"
    
        # Mock getattr for checking current type
        from game.core.registry import RegistryManager
        with patch.object(RegistryManager.instance(), 'vehicle_classes', {'Station': {'type': 'Station', 'max_mass': 5000}}):
            with patch.object(builder._workshop, '_execute_pending_action') as mock_execute:
                builder.handle_event(event)
    
                # Should find a pending action and execute it
                assert builder.pending_action is not None
                assert builder.pending_action[0] == 'change_type'
&gt;               mock_execute.assert_called_once()

tests\unit\builder\test_builder_warning_logic.py:130: 
_ _ _ _ _ _ _ _ _ _ _ _ _ _ _ _ _ _ _ _ _ _ _ _ _ _ _ _ _ _ _ _ _ _ _ _ _ _ _ _

self = &lt;MagicMock name='_execute_pending_action' id='2478977501648'&gt;

    def assert_called_once(self):
        """assert that the mock was called only once.
        """
        if not self.call_count == 1:
            msg = ("Expected '%s' to have been called once. Called %s times.%s"
                   % (self._mock_name or 'mock',
                      self.call_count,
                      self._calls_repr()))
&gt;           raise AssertionError(msg)
E           AssertionError: Expected '_execute_pending_action' to have been called once. Called 0 times.

C:\Users\rossr\AppData\Local\Programs\Python\Python310\lib\unittest\mock.py:908: AssertionError</failure></testcase></testsuite></testsuites>