============================= test session starts =============================
platform win32 -- Python 3.10.11, pytest-9.0.2, pluggy-1.6.0
rootdir: C:\Dev\Starship Battles
configfile: pytest.ini
plugins: anyio-4.12.0, xdist-3.8.0
created: 16/16 workers
16 workers [550 items]

........................................................................ [ 13%]
........................................................................ [ 26%]
........................................................................ [ 39%]
........................................................................ [ 52%]
........................................................................ [ 65%]
........................................................................ [ 78%]
............................................................s........... [ 91%]
..............................................                           [100%]
============================== warnings summary ===============================
tests\repro_issues\test_bug_11_hull_update.py:49: 16 warnings
  c:\Dev\Starship Battles\tests\repro_issues\test_bug_11_hull_update.py:49: PytestUnknownMarkWarning: Unknown pytest.mark.use_custom_data - is this a typo?  You can register custom marks to avoid this warning - for details, see https://docs.pytest.org/en/stable/how-to/mark.html
    @pytest.mark.use_custom_data

tests\repro_issues\test_bug_11_hull_update.py:66: 16 warnings
  c:\Dev\Starship Battles\tests\repro_issues\test_bug_11_hull_update.py:66: PytestUnknownMarkWarning: Unknown pytest.mark.use_custom_data - is this a typo?  You can register custom marks to avoid this warning - for details, see https://docs.pytest.org/en/stable/how-to/mark.html
    @pytest.mark.use_custom_data

tests\unit\entities\test_ship_core.py:110: 16 warnings
  c:\Dev\Starship Battles\tests\unit\entities\test_ship_core.py:110: PytestUnknownMarkWarning: Unknown pytest.mark.use_custom_data - is this a typo?  You can register custom marks to avoid this warning - for details, see https://docs.pytest.org/en/stable/how-to/mark.html
    @pytest.mark.use_custom_data

tests\unit\entities\test_ship_core.py:130: 16 warnings
  c:\Dev\Starship Battles\tests\unit\entities\test_ship_core.py:130: PytestUnknownMarkWarning: Unknown pytest.mark.use_custom_data - is this a typo?  You can register custom marks to avoid this warning - for details, see https://docs.pytest.org/en/stable/how-to/mark.html
    @pytest.mark.use_custom_data

tests\unit\entities\test_ship_core.py:148: 16 warnings
  c:\Dev\Starship Battles\tests\unit\entities\test_ship_core.py:148: PytestUnknownMarkWarning: Unknown pytest.mark.use_custom_data - is this a typo?  You can register custom marks to avoid this warning - for details, see https://docs.pytest.org/en/stable/how-to/mark.html
    @pytest.mark.use_custom_data

tests\unit\entities\test_ship_core.py:163: 16 warnings
  c:\Dev\Starship Battles\tests\unit\entities\test_ship_core.py:163: PytestUnknownMarkWarning: Unknown pytest.mark.use_custom_data - is this a typo?  You can register custom marks to avoid this warning - for details, see https://docs.pytest.org/en/stable/how-to/mark.html
    @pytest.mark.use_custom_data

tests/unit/builder/test_builder_structure_features.py::TestBuilderStructureFeatures::test_modifier_propagation
tests/unit/builder/test_builder_structure_features.py::TestBuilderStructureFeatures::test_multi_selection_logic
tests/unit/builder/test_selection_refinements.py::TestSelectionRefinements::test_homogeneity_enforcement
tests/unit/builder/test_multi_selection_logic.py::TestMultiSelectionLogic::test_range_append_integration
tests/unit/builder/test_selection_refinements.py::TestSelectionRefinements::test_reselection_behavior
tests/unit/builder/test_multi_selection_logic.py::TestMultiSelectionLogic::test_range_selection_integration
tests/unit/builder/test_multi_selection_logic.py::TestMultiSelectionLogic::test_toggle_behavior
  C:\Users\rossr\AppData\Local\Programs\Python\Python310\lib\site-packages\pygame_gui\core\ui_font_dictionary.py:405: UserWarning: Finding font with id: noto_sans_bold_aa_14 that is not already loaded.
  Preload this font with {'name': 'noto_sans', 'point_size': 14, 'style': 'bold', 'antialiased': '1'}
    warnings.warn(warning_string, UserWarning)

tests/unit/builder/test_builder_structure_features.py::TestBuilderStructureFeatures::test_modifier_propagation
  C:\Users\rossr\AppData\Local\Programs\Python\Python310\lib\site-packages\pygame_gui\core\text\html_parser.py:179: UserWarning: Unsupported HTML Tag <magicmock>. Check documentation for full range of supported tags.
    warnings.warn(warning_text, UserWarning)

tests/unit/builder/test_builder_ui_sync.py::TestBuilderUISync::test_refresh_controls_syncs_ui
tests/unit/builder/test_builder_ui_sync.py::TestBuilderUISync::test_revert_protection
tests/unit/builder/test_builder_ui_sync.py::TestBuilderUISync::test_type_change_filtering
  C:\Users\rossr\AppData\Local\Programs\Python\Python310\lib\site-packages\pygame_gui\elements\ui_label.py:176: UserWarning: Label Rect is too small for text: Max Energy: - size diff: (-15, 0)
    warnings.warn(warn_text, UserWarning)

tests/unit/builder/test_builder_ui_sync.py::TestBuilderUISync::test_refresh_controls_syncs_ui
tests/unit/builder/test_builder_ui_sync.py::TestBuilderUISync::test_revert_protection
tests/unit/builder/test_builder_ui_sync.py::TestBuilderUISync::test_type_change_filtering
  C:\Users\rossr\AppData\Local\Programs\Python\Python310\lib\site-packages\pygame_gui\elements\ui_label.py:176: UserWarning: Label Rect is too small for text: Energy Gen: - size diff: (-14, 0)
    warnings.warn(warn_text, UserWarning)

tests/unit/builder/test_builder_ui_sync.py::TestBuilderUISync::test_refresh_controls_syncs_ui
tests/unit/builder/test_builder_ui_sync.py::TestBuilderUISync::test_revert_protection
tests/unit/builder/test_builder_ui_sync.py::TestBuilderUISync::test_type_change_filtering
  C:\Users\rossr\AppData\Local\Programs\Python\Python310\lib\site-packages\pygame_gui\elements\ui_label.py:176: UserWarning: Label Rect is too small for text: Total Thrust: - size diff: (-17, 0)
    warnings.warn(warn_text, UserWarning)

tests/unit/builder/test_builder_ui_sync.py::TestBuilderUISync::test_refresh_controls_syncs_ui
tests/unit/builder/test_builder_ui_sync.py::TestBuilderUISync::test_revert_protection
tests/unit/builder/test_builder_ui_sync.py::TestBuilderUISync::test_type_change_filtering
  C:\Users\rossr\AppData\Local\Programs\Python\Python310\lib\site-packages\pygame_gui\elements\ui_label.py:176: UserWarning: Label Rect is too small for text: Acceleration: - size diff: (-19, 0)
    warnings.warn(warn_text, UserWarning)

tests/unit/builder/test_builder_ui_sync.py::TestBuilderUISync::test_refresh_controls_syncs_ui
tests/unit/builder/test_builder_ui_sync.py::TestBuilderUISync::test_revert_protection
tests/unit/builder/test_builder_ui_sync.py::TestBuilderUISync::test_type_change_filtering
  C:\Users\rossr\AppData\Local\Programs\Python\Python310\lib\site-packages\pygame_gui\elements\ui_label.py:176: UserWarning: Label Rect is too small for text: Top Speed: - size diff: (-7, 0)
    warnings.warn(warn_text, UserWarning)

tests/unit/builder/test_builder_ui_sync.py::TestBuilderUISync::test_refresh_controls_syncs_ui
tests/unit/builder/test_builder_ui_sync.py::TestBuilderUISync::test_revert_protection
tests/unit/builder/test_builder_ui_sync.py::TestBuilderUISync::test_type_change_filtering
  C:\Users\rossr\AppData\Local\Programs\Python\Python310\lib\site-packages\pygame_gui\elements\ui_label.py:176: UserWarning: Label Rect is too small for text: Total Maneuvering Points: - size diff: (-108, 0)
    warnings.warn(warn_text, UserWarning)

tests/unit/builder/test_builder_ui_sync.py::TestBuilderUISync::test_refresh_controls_syncs_ui
tests/unit/builder/test_builder_ui_sync.py::TestBuilderUISync::test_revert_protection
tests/unit/builder/test_builder_ui_sync.py::TestBuilderUISync::test_type_change_filtering
  C:\Users\rossr\AppData\Local\Programs\Python\Python310\lib\site-packages\pygame_gui\elements\ui_label.py:176: UserWarning: Label Rect is too small for text: Turning Rate: - size diff: (-24, 0)
    warnings.warn(warn_text, UserWarning)

tests/unit/builder/test_builder_ui_sync.py::TestBuilderUISync::test_refresh_controls_syncs_ui
tests/unit/builder/test_builder_ui_sync.py::TestBuilderUISync::test_revert_protection
tests/unit/builder/test_builder_ui_sync.py::TestBuilderUISync::test_type_change_filtering
  C:\Users\rossr\AppData\Local\Programs\Python\Python310\lib\site-packages\pygame_gui\elements\ui_label.py:176: UserWarning: Label Rect is too small for text: Max Shields: - size diff: (-18, 0)
    warnings.warn(warn_text, UserWarning)

tests/unit/builder/test_builder_ui_sync.py::TestBuilderUISync::test_refresh_controls_syncs_ui
tests/unit/builder/test_builder_ui_sync.py::TestBuilderUISync::test_revert_protection
tests/unit/builder/test_builder_ui_sync.py::TestBuilderUISync::test_type_change_filtering
  C:\Users\rossr\AppData\Local\Programs\Python\Python310\lib\site-packages\pygame_gui\elements\ui_label.py:176: UserWarning: Label Rect is too small for text: Shield Regen: - size diff: (-26, 0)
    warnings.warn(warn_text, UserWarning)

tests/unit/builder/test_builder_ui_sync.py::TestBuilderUISync::test_refresh_controls_syncs_ui
tests/unit/builder/test_builder_ui_sync.py::TestBuilderUISync::test_revert_protection
tests/unit/builder/test_builder_ui_sync.py::TestBuilderUISync::test_type_change_filtering
  C:\Users\rossr\AppData\Local\Programs\Python\Python310\lib\site-packages\pygame_gui\elements\ui_label.py:176: UserWarning: Label Rect is too small for text: Regen Cost: - size diff: (-13, 0)
    warnings.warn(warn_text, UserWarning)

tests/unit/builder/test_builder_ui_sync.py::TestBuilderUISync::test_refresh_controls_syncs_ui
tests/unit/builder/test_builder_ui_sync.py::TestBuilderUISync::test_revert_protection
tests/unit/builder/test_builder_ui_sync.py::TestBuilderUISync::test_type_change_filtering
  C:\Users\rossr\AppData\Local\Programs\Python\Python310\lib\site-packages\pygame_gui\elements\ui_label.py:176: UserWarning: Label Rect is too small for text: Total Armor HP: - size diff: (-37, 0)
    warnings.warn(warn_text, UserWarning)

tests/unit/builder/test_builder_ui_sync.py::TestBuilderUISync::test_refresh_controls_syncs_ui
tests/unit/builder/test_builder_ui_sync.py::TestBuilderUISync::test_revert_protection
tests/unit/builder/test_builder_ui_sync.py::TestBuilderUISync::test_type_change_filtering
  C:\Users\rossr\AppData\Local\Programs\Python\Python310\lib\site-packages\pygame_gui\elements\ui_label.py:176: UserWarning: Label Rect is too small for text: Dmg Ignore: - size diff: (-17, 0)
    warnings.warn(warn_text, UserWarning)

tests/unit/builder/test_builder_ui_sync.py::TestBuilderUISync::test_refresh_controls_syncs_ui
tests/unit/builder/test_builder_ui_sync.py::TestBuilderUISync::test_revert_protection
tests/unit/builder/test_builder_ui_sync.py::TestBuilderUISync::test_type_change_filtering
  C:\Users\rossr\AppData\Local\Programs\Python\Python310\lib\site-packages\pygame_gui\elements\ui_label.py:176: UserWarning: Label Rect is too small for text: Shield Regen/Hit: - size diff: (-50, 0)
    warnings.warn(warn_text, UserWarning)

tests/unit/builder/test_builder_ui_sync.py::TestBuilderUISync::test_refresh_controls_syncs_ui
tests/unit/builder/test_builder_ui_sync.py::TestBuilderUISync::test_revert_protection
tests/unit/builder/test_builder_ui_sync.py::TestBuilderUISync::test_type_change_filtering
  C:\Users\rossr\AppData\Local\Programs\Python\Python310\lib\site-packages\pygame_gui\elements\ui_label.py:176: UserWarning: Label Rect is too small for text: Max Targets: - size diff: (-18, 0)
    warnings.warn(warn_text, UserWarning)

tests/unit/builder/test_builder_ui_sync.py::TestBuilderUISync::test_refresh_controls_syncs_ui
tests/unit/builder/test_builder_ui_sync.py::TestBuilderUISync::test_revert_protection
tests/unit/builder/test_builder_ui_sync.py::TestBuilderUISync::test_type_change_filtering
  C:\Users\rossr\AppData\Local\Programs\Python\Python310\lib\site-packages\pygame_gui\elements\ui_label.py:176: UserWarning: Label Rect is too small for text: Evasion Score: - size diff: (-28, 0)
    warnings.warn(warn_text, UserWarning)

tests/unit/builder/test_builder_ui_sync.py::TestBuilderUISync::test_refresh_controls_syncs_ui
tests/unit/builder/test_builder_ui_sync.py::TestBuilderUISync::test_revert_protection
tests/unit/builder/test_builder_ui_sync.py::TestBuilderUISync::test_type_change_filtering
  C:\Users\rossr\AppData\Local\Programs\Python\Python310\lib\site-packages\pygame_gui\elements\ui_label.py:176: UserWarning: Label Rect is too small for text: Targeting Score: - size diff: (-42, 0)
    warnings.warn(warn_text, UserWarning)

tests/unit/builder/test_builder_ui_sync.py::TestBuilderUISync::test_refresh_controls_syncs_ui
tests/unit/builder/test_builder_ui_sync.py::TestBuilderUISync::test_revert_protection
tests/unit/builder/test_builder_ui_sync.py::TestBuilderUISync::test_type_change_filtering
  C:\Users\rossr\AppData\Local\Programs\Python\Python310\lib\site-packages\pygame_gui\elements\ui_label.py:176: UserWarning: Label Rect is too small for text: Crew Required: - size diff: (-36, 0)
    warnings.warn(warn_text, UserWarning)

tests/unit/builder/test_builder_ui_sync.py::TestBuilderUISync::test_refresh_controls_syncs_ui
tests/unit/builder/test_builder_ui_sync.py::TestBuilderUISync::test_revert_protection
tests/unit/builder/test_builder_ui_sync.py::TestBuilderUISync::test_type_change_filtering
  C:\Users\rossr\AppData\Local\Programs\Python\Python310\lib\site-packages\pygame_gui\elements\ui_label.py:176: UserWarning: Label Rect is too small for text: Crew On Board: - size diff: (-38, 0)
    warnings.warn(warn_text, UserWarning)

tests/unit/builder/test_builder_ui_sync.py::TestBuilderUISync::test_refresh_controls_syncs_ui
tests/unit/builder/test_builder_ui_sync.py::TestBuilderUISync::test_revert_protection
tests/unit/builder/test_builder_ui_sync.py::TestBuilderUISync::test_type_change_filtering
  C:\Users\rossr\AppData\Local\Programs\Python\Python310\lib\site-packages\pygame_gui\elements\ui_label.py:176: UserWarning: Label Rect is too small for text: Life Support: - size diff: (-19, 0)
    warnings.warn(warn_text, UserWarning)

tests/unit/builder/test_builder_ui_sync.py::TestBuilderUISync::test_refresh_controls_syncs_ui
tests/unit/builder/test_builder_ui_sync.py::TestBuilderUISync::test_revert_protection
tests/unit/builder/test_builder_ui_sync.py::TestBuilderUISync::test_type_change_filtering
  C:\\Users\\rossr\\AppData\\Local\\Programs\\Python\\Python310\\lib\\site-packages\\pygame_gui\\elements\\ui_label.py:176: UserWarning: Label Rect is too small for text: \u2500\u2500 Fighter Support \u2500\u2500 - size diff: (-11, 5)\n    warnings.warn(warn_text, UserWarning)

tests/unit/builder/test_builder_ui_sync.py::TestBuilderUISync::test_refresh_controls_syncs_ui
tests/unit/builder/test_builder_ui_sync.py::TestBuilderUISync::test_revert_protection
tests/unit/builder/test_builder_ui_sync.py::TestBuilderUISync::test_type_change_filtering
  C:\Users\rossr\AppData\Local\Programs\Python\Python310\lib\site-packages\pygame_gui\elements\ui_label.py:176: UserWarning: Label Rect is too small for text: Fighter Cap: - size diff: (-15, 0)
    warnings.warn(warn_text, UserWarning)

tests/unit/builder/test_builder_ui_sync.py::TestBuilderUISync::test_refresh_controls_syncs_ui
tests/unit/builder/test_builder_ui_sync.py::TestBuilderUISync::test_revert_protection
tests/unit/builder/test_builder_ui_sync.py::TestBuilderUISync::test_type_change_filtering
  C:\Users\rossr\AppData\Local\Programs\Python\Python310\lib\site-packages\pygame_gui\elements\ui_label.py:176: UserWarning: Label Rect is too small for text: Launch/Wave: - size diff: (-26, 0)
    warnings.warn(warn_text, UserWarning)

tests/unit/builder/test_builder_ui_sync.py::TestBuilderUISync::test_refresh_controls_syncs_ui
tests/unit/builder/test_builder_ui_sync.py::TestBuilderUISync::test_revert_protection
tests/unit/builder/test_builder_ui_sync.py::TestBuilderUISync::test_type_change_filtering
  C:\Users\rossr\AppData\Local\Programs\Python\Python310\lib\site-packages\pygame_gui\elements\ui_label.py:176: UserWarning: Label Rect is too small for text: Fighter Time: - size diff: (-22, 0)
    warnings.warn(warn_text, UserWarning)

tests/unit/builder/test_builder_ui_sync.py::TestBuilderUISync::test_refresh_controls_syncs_ui
tests/unit/builder/test_builder_ui_sync.py::TestBuilderUISync::test_revert_protection
tests/unit/builder/test_builder_ui_sync.py::TestBuilderUISync::test_type_change_filtering
  C:\\Users\\rossr\\AppData\\Local\\Programs\\Python\\Python310\\lib\\site-packages\\pygame_gui\\elements\\ui_label.py:176: UserWarning: Label Rect is too small for text: \u2500\u2500 Recommendations \u2500\u2500 - size diff: (-30, 0)\n    warnings.warn(warn_text, UserWarning)

tests/unit/builder/test_selection_refinements.py::TestSelectionRefinements::test_homogeneity_enforcement
tests/unit/builder/test_multi_selection_logic.py::TestMultiSelectionLogic::test_range_append_integration
tests/unit/builder/test_selection_refinements.py::TestSelectionRefinements::test_reselection_behavior
tests/unit/builder/test_builder_improvements.py::TestBuilderImprovements::test_image_scale_factor
tests/unit/builder/test_multi_selection_logic.py::TestMultiSelectionLogic::test_range_selection_integration
tests/unit/builder/test_multi_selection_logic.py::TestMultiSelectionLogic::test_toggle_behavior
tests/unit/builder/test_builder_improvements.py::TestBuilderImprovements::test_loading_sync
  C:\Users\rossr\AppData\Local\Programs\Python\Python310\lib\site-packages\pygame_gui\core\drawable_shapes\rounded_rect_drawable_shape.py:92: UserWarning: Clamping shadow_width of: 2, to: 0
    warnings.warn(

tests/unit/builder/test_selection_refinements.py::TestSelectionRefinements::test_homogeneity_enforcement
tests/unit/builder/test_multi_selection_logic.py::TestMultiSelectionLogic::test_range_append_integration
tests/unit/builder/test_selection_refinements.py::TestSelectionRefinements::test_reselection_behavior
tests/unit/builder/test_builder_improvements.py::TestBuilderImprovements::test_image_scale_factor
tests/unit/builder/test_multi_selection_logic.py::TestMultiSelectionLogic::test_range_selection_integration
tests/unit/builder/test_multi_selection_logic.py::TestMultiSelectionLogic::test_toggle_behavior
tests/unit/builder/test_builder_improvements.py::TestBuilderImprovements::test_loading_sync
  C:\Users\rossr\AppData\Local\Programs\Python\Python310\lib\site-packages\pygame_gui\core\drawable_shapes\rounded_rect_drawable_shape.py:113: UserWarning: Clamping border_width of: 1, to: 0
    warnings.warn(

-- Docs: https://docs.pytest.org/en/stable/how-to/capture-warnings.html
================ 549 passed, 1 skipped, 190 warnings in 5.82s =================
