============================= test session starts =============================
platform win32 -- Python 3.10.11, pytest-9.0.2, pluggy-1.6.0
rootdir: C:\Dev\Starship Battles
configfile: pytest.ini
plugins: anyio-4.12.0, xdist-3.8.0
created: 16/16 workers
16 workers [588 items]

........................................................................ [ 12%]
........................................................................ [ 24%]
.............................F.F.............F.......F....FF............ [ 36%]
F..............F.............F.......................................... [ 48%]
.........................................F.......F..........F........... [ 61%]
........................................................................ [ 73%]
.......F.......F................F..........................FF........... [ 85%]
...........................F.....F......................F...........F... [ 97%]
............                                                             [100%]
================================== FAILURES ===================================
_______________ TestCombatTargeting.test_target_prioritization ________________
[gw1] win32 -- Python 3.10.11 C:\Users\rossr\AppData\Local\Programs\Python\Python310\python.exe

self = <test_combat_targeting.TestCombatTargeting testMethod=test_target_prioritization>

    def test_target_prioritization(self):
        """Test that secondary targets are checked if current target is invalid or out of arc."""
        self.attacker.max_targets = 2
    
        # Weapon with narrow arc
        weapon = ProjectileWeapon({
            'name': 'Gun', 'id':'gun', 'firing_arc': 45, 'range': 500,
            'projectile_speed': 1000, 'damage':10, 'ammo_cost':1,
             'mass': 1, 'hp': 1, 'allowed_layers': ['OUTER'], 'type': 'Weapon'
        })
        weapon.facing_angle = 0
        weapon.is_active = True
        self.attacker.add_component(weapon, LayerType.OUTER)
    
        # Target 1: Out of Arc (Behind)
        t1 = Ship("T1", -200, 0, (0,0,0))
        t1.is_alive = True
        t1.team_id = 1
        t1.add_component(create_component('test_bridge_basic'), LayerType.CORE)
    
        # Target 2: Valid (In front)
        t2 = Ship("T2", 200, 0, (0,0,0))
        t2.is_alive = True
        t2.team_id = 1
        t2.add_component(create_component('test_bridge_basic'), LayerType.CORE)
    
        self.attacker.current_target = t1
        self.attacker.secondary_targets = [t2]
    
        self.attacker.is_derelict = False
        self.attacker.max_targets = 2
        attacks = self.attacker.fire_weapons()
>       self.assertEqual(len(attacks), 1)
E       AssertionError: 0 != 1

simulation_tests\data_driven\test_combat_targeting.py:213: AssertionError
---------------------------- Captured stdout call -----------------------------
Loaded 14 vehicle classes.
DEBUG: Registry has 29 components
DEBUG: create_component('test_bridge_basic') -> <game.simulation.components.component.Component object at 0x000001761A3FC580>
DEBUG: Add bridge success: True, total core: 1
_______________ TestCombatTargeting.test_firing_arc_validation ________________
[gw0] win32 -- Python 3.10.11 C:\Users\rossr\AppData\Local\Programs\Python\Python310\python.exe

self = <test_combat_targeting.TestCombatTargeting testMethod=test_firing_arc_validation>

    def test_firing_arc_validation(self):
        """Test that weapons do not fire if target is outside firing arc."""
        weapon = ProjectileWeapon({
            'name': 'TestGun', 'id':'test_gun', 'firing_arc': 45, 'range': 500,
            'projectile_speed': 1000, 'damage': 10, 'ammo_cost': 1, 'cooldown': 0,
            'mass': 1, 'hp': 1, 'allowed_layers': ['OUTER'], 'type': 'Weapon'
        })
        weapon.facing_angle = 0 # Right
        weapon.is_active = True
        weapon.cooldown_timer = 0
        self.attacker.add_component(weapon, LayerType.OUTER)
        self.attacker.angle = 0
    
        # Case 1: Target directly ahead (Valid)
        self.target.position = pygame.math.Vector2(200, 0) # 0 degrees
        self.attacker.current_target = self.target
        self.attacker.is_derelict = False
        attacks = self.attacker.fire_weapons()
>       self.assertEqual(len(attacks), 1, "Should fire at target directly ahead")
E       AssertionError: 0 != 1 : Should fire at target directly ahead

simulation_tests\data_driven\test_combat_targeting.py:139: AssertionError
---------------------------- Captured stdout call -----------------------------
Loaded 14 vehicle classes.
DEBUG: Registry has 29 components
DEBUG: create_component('test_bridge_basic') -> <game.simulation.components.component.Component object at 0x0000028D3AA9C580>
DEBUG: Add bridge success: True, total core: 1
_____________ TestCombatTargeting.test_resource_consumption_ammo ______________
[gw0] win32 -- Python 3.10.11 C:\Users\rossr\AppData\Local\Programs\Python\Python310\python.exe

self = <test_combat_targeting.TestCombatTargeting testMethod=test_resource_consumption_ammo>

    def test_resource_consumption_ammo(self):
        """Verify ammo consumption for ProjectileWeapon."""
        gun = ProjectileWeapon({
             'name': 'Cannon', 'id':'cannon', 'ammo_cost': 5, 'range': 500,
            'damage': 10, 'firing_arc': 360, 'cooldown': 0, 'projectile_speed': 1000,
             'mass': 1, 'hp': 1, 'allowed_layers': ['OUTER'], 'type': 'Weapon'
        })
        gun.is_active = True
        self.attacker.add_component(gun, LayerType.OUTER)
        self.attacker.current_ammo = 10
        self.attacker.current_energy = 1000
    
        self.attacker.current_target = self.target
        self.attacker.is_derelict = False
        self.attacker.fire_weapons()
>       self.assertEqual(self.attacker.current_ammo, 5)
E       AssertionError: 10 != 5

simulation_tests\data_driven\test_combat_targeting.py:288: AssertionError
---------------------------- Captured stdout call -----------------------------
Loaded 14 vehicle classes.
DEBUG: Registry has 29 components
DEBUG: create_component('test_bridge_basic') -> <game.simulation.components.component.Component object at 0x0000028D44EB5600>
DEBUG: Add bridge success: True, total core: 1
_____________ TestCombatTargeting.test_resource_consumption_beam ______________
[gw0] win32 -- Python 3.10.11 C:\Users\rossr\AppData\Local\Programs\Python\Python310\python.exe

self = <test_combat_targeting.TestCombatTargeting testMethod=test_resource_consumption_beam>

    def test_resource_consumption_beam(self):
        """Verify energy consumption for BeamWeapon."""
        beam = BeamWeapon({
            'name': 'Laser', 'id':'laser', 'energy_cost': 50, 'range': 500,
            'damage': 10, 'firing_arc': 360, 'cooldown': 0,
            'mass': 1, 'hp': 1, 'allowed_layers': ['OUTER'], 'type': 'Weapon'
        })
        beam.is_active = True
        self.attacker.add_component(beam, LayerType.OUTER)
        self.attacker.current_energy = 100
    
        self.attacker.current_target = self.target
        self.attacker.is_derelict = False
        self.attacker.fire_weapons()
>       self.assertEqual(self.attacker.current_energy, 50, "Should consume 50 energy")
E       AssertionError: 100 != 50 : Should consume 50 energy

simulation_tests\data_driven\test_combat_targeting.py:259: AssertionError
---------------------------- Captured stdout call -----------------------------
Loaded 14 vehicle classes.
DEBUG: Registry has 29 components
DEBUG: create_component('test_bridge_basic') -> <game.simulation.components.component.Component object at 0x0000028D44E7AE90>
DEBUG: Add bridge success: True, total core: 1
_________________ TestCombatTargeting.test_seeker_ignores_arc _________________
[gw0] win32 -- Python 3.10.11 C:\Users\rossr\AppData\Local\Programs\Python\Python310\python.exe

self = <test_combat_targeting.TestCombatTargeting testMethod=test_seeker_ignores_arc>

    def test_seeker_ignores_arc(self):
        """Verify SeekerWeapon fires even if target is outside arc."""
        missile_launcher = SeekerWeapon({
            'name': 'Missile', 'id':'test_missile', 'firing_arc': 10, 'range': 1000,
            'projectile_speed': 500, 'ammo_cost': 1, 'damage': 10, 'endurance': 100,
            'mass': 1, 'hp': 1, 'allowed_layers': ['OUTER'], 'type': 'Weapon'
        })
        missile_launcher.facing_angle = 0
        missile_launcher.is_active = True
        self.attacker.add_component(missile_launcher, LayerType.OUTER)
    
        # Target behind
        self.target.position = pygame.math.Vector2(-200, 0)
        self.attacker.current_target = self.target
        self.attacker.is_derelict = False
    
        attacks = self.attacker.fire_weapons()
>       self.assertEqual(len(attacks), 1, "Seeker weapon should fire regardless of arc")
E       AssertionError: 0 != 1 : Seeker weapon should fire regardless of arc

simulation_tests\data_driven\test_combat_targeting.py:176: AssertionError
---------------------------- Captured stdout call -----------------------------
Loaded 14 vehicle classes.
DEBUG: Registry has 29 components
DEBUG: create_component('test_bridge_basic') -> <game.simulation.components.component.Component object at 0x0000028D44EB7790>
DEBUG: Add bridge success: True, total core: 1
__________ TestMaxWeaponRange.test_max_weapon_range_multiple_weapons __________
[gw2] win32 -- Python 3.10.11 C:\Users\rossr\AppData\Local\Programs\Python\Python310\python.exe

self = <test_ship_extended.TestMaxWeaponRange testMethod=test_max_weapon_range_multiple_weapons>

    def test_max_weapon_range_multiple_weapons(self):
        """Ship with multiple weapons should return longest range."""
        ship = Ship("HeavilyArmed", 0, 0, (255, 255, 255))
        ship.add_component(create_component('test_bridge_basic'), LayerType.CORE)
        ship.add_component(create_component('test_crew_quarters'), LayerType.CORE)
        ship.add_component(create_component('test_life_support'), LayerType.CORE)
    
        # Add different weapons
        railgun = create_component('test_weapon_proj_fixed')
        laser = create_component('test_weapon_beam_std')
        ship.add_component(railgun, LayerType.OUTER)
        ship.add_component(laser, LayerType.OUTER)
        ship.recalculate_stats()
    
        expected_max = max(railgun.range, laser.range)
>       self.assertEqual(ship.max_weapon_range, expected_max)
E       AssertionError: 0.0 != 1000

simulation_tests\data_driven\test_ship_extended.py:224: AssertionError
---------------------------- Captured stdout call -----------------------------
Loaded 14 vehicle classes.
___________ TestMaxWeaponRange.test_max_weapon_range_single_weapon ____________
[gw2] win32 -- Python 3.10.11 C:\Users\rossr\AppData\Local\Programs\Python\Python310\python.exe

self = <test_ship_extended.TestMaxWeaponRange testMethod=test_max_weapon_range_single_weapon>

    def test_max_weapon_range_single_weapon(self):
        """Ship with one weapon should return that weapon's range."""
        ship = Ship("Armed", 0, 0, (255, 255, 255))
        ship.add_component(create_component('test_bridge_basic'), LayerType.CORE)
        ship.add_component(create_component('test_crew_quarters'), LayerType.CORE)
        ship.add_component(create_component('test_life_support'), LayerType.CORE)
        railgun = create_component('test_weapon_proj_fixed')
        ship.add_component(railgun, LayerType.OUTER)
        ship.recalculate_stats()
    
>       self.assertEqual(ship.max_weapon_range, railgun.range)
E       AssertionError: 0.0 != 1000

simulation_tests\data_driven\test_ship_extended.py:207: AssertionError
---------------------------- Captured stdout call -----------------------------
Loaded 14 vehicle classes.
_________ TestAIStrategyStates.test_attack_run_transitions_to_retreat _________
[gw11] win32 -- Python 3.10.11 C:\Users\rossr\AppData\Local\Programs\Python\Python310\python.exe

self = <unit.test_ai.TestAIStrategyStates testMethod=test_attack_run_transitions_to_retreat>

    def test_attack_run_transitions_to_retreat(self):
        """Attack run should transition to retreat when close."""
        self.ship.ai_strategy = 'attack_run'
        self.ship.position = pygame.math.Vector2(0, 0)
        self.target.position = pygame.math.Vector2(150, 0)  # Very close
    
        self.ai.update()
        # After being very close, should switch to retreat
        self.assertIsNotNone(self.ai.current_behavior)
>       self.assertEqual(self.ai.current_behavior.attack_state, 'retreat')
E       AssertionError: 'approach' != 'retreat'
E       - approach
E       + retreat

tests\unit\test_ai.py:199: AssertionError
------------------------------ Captured log call ------------------------------
[32mINFO    [0m StarshipBattles:logger.py:32 StrategyManager loaded: 11 strategies, 2 targeting, 12 movement
---------------------------- Captured log teardown ----------------------------
[32mINFO    [0m StarshipBattles:logger.py:32 ShipThemeManager caches cleared.
____________ TestBugFixRegressions.test_bug2_weapon_ability_access ____________
[gw4] win32 -- Python 3.10.11 C:\Users\rossr\AppData\Local\Programs\Python\Python310\python.exe

self = <unit.test_bug_regressions_2026_01.TestBugFixRegressions testMethod=test_bug2_weapon_ability_access>

    def test_bug2_weapon_ability_access(self):
        """
        Bug 2: WeaponsPanel was using getattr(comp, 'range') which doesn't exist.
        Fix ensures we use comp.get_ability('WeaponAbility').range.
        We verify the data structure supports this.
        """
        comp_data = {
            'id': 'laser', 'name': 'Laser', 'type': 'Weapon', 'mass': 10, 'hp': 10,
            'abilities': {
                'WeaponAbility': {'range': 1000, 'damage': 50}
            }
        }
        c = Component(comp_data)
    
        # Verify Component does NOT have range
>       self.assertFalse(hasattr(c, 'range'), "Component should not have 'range' attribute")
E       AssertionError: True is not false : Component should not have 'range' attribute

tests\unit\test_bug_regressions_2026_01.py:108: AssertionError
---------------------------- Captured log teardown ----------------------------
[32mINFO    [0m StarshipBattles:logger.py:32 ShipThemeManager caches cleared.
____________ TestCombatFlow.test_fire_weapons_creates_projectiles _____________
[gw6] win32 -- Python 3.10.11 C:\Users\rossr\AppData\Local\Programs\Python\Python310\python.exe

self = <unit.test_combat.TestCombatFlow testMethod=test_fire_weapons_creates_projectiles>

    def test_fire_weapons_creates_projectiles(self):
        """Test that fire_weapons returns correct projectile objects."""
        from game.simulation.entities.ship import Ship, LayerType
        from game.simulation.components.component import Component
        from game.core.constants import AttackType
    
        ship = Ship("Shooter", 0,0, (255,255,255))
    
        # Add a weapon component manually to ensure it has no cost issues
        # Component needs to be 'active'
        weapon = Component({
            "id": "test_gun",
            "name": "Gun",
            "type": "Weapon",
            "mass": 10,
            "hp": 50,
            "abilities": {
                "WeaponAbility": {"range": 1000, "fire_rate": 1, "cooldown": 0},
                "ProjectileWeaponAbility": {"projectile_speed": 100, "damage": 10}
            }
        })
        ship.add_component(weapon, LayerType.OUTER)
        ship.recalculate_stats() # Activate component
    
        # Setup Target
        target = MagicMock()
        target.position = pygame.math.Vector2(100, 0)
        target.velocity = pygame.math.Vector2(0,0)
        target.is_alive = True
        target.team_id = 1
        target.type = 'ship'
    
        ship.team_id = 0
        ship.current_target = target
    
        # Fire
        attacks = ship.fire_weapons()
    
>       self.assertEqual(len(attacks), 1)
E       AssertionError: 0 != 1

tests\unit\test_combat.py:329: AssertionError
---------------------------- Captured log teardown ----------------------------
[32mINFO    [0m StarshipBattles:logger.py:32 ShipThemeManager caches cleared.
__________________ TestModifierStacking.test_range_stacking ___________________
[gw14] win32 -- Python 3.10.11 C:\Users\rossr\AppData\Local\Programs\Python\Python310\python.exe

self = <unit.test_components.TestModifierStacking testMethod=test_range_stacking>

    def test_range_stacking(self):
        """Range mount level 2 should give 4x range."""
        railgun = create_component('railgun')
        # Phase 7: Get range from ability
        weapon_ab = railgun.get_ability('ProjectileWeaponAbility')
        base_range = weapon_ab.range  # 2400
    
        railgun.add_modifier('range_mount', 2.0)  # Level 2 = 4x range
    
        # Re-get ability after modifier application
        weapon_ab = railgun.get_ability('ProjectileWeaponAbility')
        expected_range = base_range * 4  # 9600
>       self.assertAlmostEqual(weapon_ab.range, expected_range, places=0)
E       AssertionError: 0.0 != 9600.0 within 0 places (9600.0 difference)

tests\unit\test_components.py:136: AssertionError
---------------------------- Captured log teardown ----------------------------
[32mINFO    [0m StarshipBattles:logger.py:32 ShipThemeManager caches cleared.
___________________ TestMultitarget.test_pdc_missile_logic ____________________
[gw11] win32 -- Python 3.10.11 C:\Users\rossr\AppData\Local\Programs\Python\Python310\python.exe

self = <unit.test_multitarget.TestMultitarget testMethod=test_pdc_missile_logic>

    def test_pdc_missile_logic(self):
        if 'multiplex_tracking' not in COMPONENT_REGISTRY:
            return
    
        # Add Multiplex
        comp = COMPONENT_REGISTRY['multiplex_tracking'].clone()
        res = self.ship.add_component(comp, LayerType.OUTER)
        # self.assertTrue(res.is_valid if hasattr(res, 'is_valid') else res) # Handle boolean return
        if not res:
            self.fail("Multiplex add failed")
    
        # Add PDC: Facing 0 (Right), Arc 45
        pdc = COMPONENT_REGISTRY['point_defence_cannon'].clone()
        pdc.facing_angle = 0
        limit_ab = pdc.get_ability('ProjectileWeaponAbility') or pdc.get_ability('WeaponAbility')
        if limit_ab:
            limit_ab.firing_arc = 45
            limit_ab.range = 800
        res = self.ship.add_component(pdc, LayerType.OUTER)
        if not res:
            self.fail("PDC add failed")
    
        self.ship.recalculate_stats()
    
        # Scenario 1: Missile in Front (In Arc)
        # 1200, 1000 is 200 units to RIGHT of 1000,1000. Angle 0.
        m1 = Projectile(None, pygame.math.Vector2(1200, 1000), pygame.math.Vector2(0,0), 10, 1000, 5, AttackType.MISSILE)
        m1.team_id = 1
    
        # Scenario 2: Missile Behind (Out of Arc)
        # 800, 1000 is 200 units to LEFT of 1000,1000. Angle 180.
        m2 = Projectile(None, pygame.math.Vector2(800, 1000), pygame.math.Vector2(0,0), 10, 1000, 5, AttackType.MISSILE)
        m2.team_id = 1
    
        # Add to grid so AI can find them
        self.grid.insert(m1)
        self.grid.insert(m2)
    
        # Inject Strategy into StrategyManager (new data-driven system)
        from game.ai.controller import STRATEGY_MANAGER
    
        # Add test targeting policy with missiles_in_pdc_arc rule
        STRATEGY_MANAGER.targeting_policies['test_pdc_target'] = {
            'name': 'Test PDC Targeting',
            'rules': [
                {'type': 'missiles_in_pdc_arc', 'weight': 2000, 'required': True},
                {'type': 'nearest', 'weight': 100}
            ]
        }
    
        # Add test strategy that uses this targeting policy
        STRATEGY_MANAGER.strategies['test_strat'] = {
            'name': 'Test Strategy',
            'targeting_policy': 'test_pdc_target',
            'movement_policy': 'kite_max'
        }
    
        self.ship.ai_strategy = 'test_strat'
    
        # Force AI update to use this strategy
        sec = self.ai.find_secondary_targets()
    
        # M1 should be prioritized because it is in PDC arc
>       self.assertIn(m1, sec)
E       AssertionError: <game.simulation.entities.projectile.Projectile object at 0x00000179F0B84430> not found in []

tests\unit\test_multitarget.py:168: AssertionError
---------------------------- Captured log teardown ----------------------------
[32mINFO    [0m StarshipBattles:logger.py:32 ShipThemeManager caches cleared.
______ TestModifierDefaultsRobustness.test_pdc_min_constraint_robustness ______
[gw8] win32 -- Python 3.10.11 C:\Users\rossr\AppData\Local\Programs\Python\Python310\python.exe

self = <unit.test_modifier_defaults_robustness.TestModifierDefaultsRobustness testMethod=test_pdc_min_constraint_robustness>

    def test_pdc_min_constraint_robustness(self):
        """
        Verify PDC minimum constraint respects the base hull limit (180).
        """
        comp = create_component('point_defence_cannon')
    
        # Simulate corruption
>       comp.firing_arc = 90
E       AttributeError: can't set attribute 'firing_arc'

tests\unit\test_modifier_defaults_robustness.py:80: AttributeError
---------------------------- Captured log teardown ----------------------------
[32mINFO    [0m StarshipBattles:logger.py:32 ShipThemeManager caches cleared.
_______ TestModifierDefaultsRobustness.test_railgun_defaults_robustness _______
[gw8] win32 -- Python 3.10.11 C:\Users\rossr\AppData\Local\Programs\Python\Python310\python.exe

self = <unit.test_modifier_defaults_robustness.TestModifierDefaultsRobustness testMethod=test_railgun_defaults_robustness>

    def test_railgun_defaults_robustness(self):
        """
        Verify that get_initial_value returns the BASE firing arc (1.0)
        even if the component's runtime firing_arc has been modified/corrupted.
        """
        # 1. Get a Railgun
        if 'railgun' not in COMPONENT_REGISTRY:
            self.skipTest("Railgun not found in registry")
    
        comp = create_component('railgun')
    
        # Base value check - Phase 6: firing_arc now in ability dict
        base_arc = comp.data.get('firing_arc')
        if base_arc is None:
            abilities = comp.data.get('abilities', {})
            for ab_name in ['ProjectileWeaponAbility', 'BeamWeaponAbility', 'SeekerWeaponAbility']:
                ab_data = abilities.get(ab_name, {})
                if isinstance(ab_data, dict) and 'firing_arc' in ab_data:
                    base_arc = ab_data['firing_arc']
                    break
        self.assertEqual(base_arc, 1, "Base JSON firing_arc should be 1")
    
        # 2. Simulate the 'corruption' or modification
        # e.g. a previous modifier calc set it to 22.5 or 45
>       comp.firing_arc = 22.5
E       AttributeError: can't set attribute 'firing_arc'

tests\unit\test_modifier_defaults_robustness.py:40: AttributeError
---------------------------- Captured log teardown ----------------------------
[32mINFO    [0m StarshipBattles:logger.py:32 ShipThemeManager caches cleared.
_________ TestModifierDefaultsRobustness.test_pdc_defaults_robustness _________
[gw10] win32 -- Python 3.10.11 C:\Users\rossr\AppData\Local\Programs\Python\Python310\python.exe

self = <unit.test_modifier_defaults_robustness.TestModifierDefaultsRobustness testMethod=test_pdc_defaults_robustness>

    def test_pdc_defaults_robustness(self):
        """
        Verify PDC defaults (180) are robust against runtime changes.
        """
        if 'point_defence_cannon' not in COMPONENT_REGISTRY:
            self.skipTest("PDC not found")
    
        comp = create_component('point_defence_cannon')
    
        # Phase 6: firing_arc now in ability dict
        base_arc = comp.data.get('firing_arc')
        if base_arc is None:
            abilities = comp.data.get('abilities', {})
            for ab_name in ['ProjectileWeaponAbility', 'BeamWeaponAbility', 'SeekerWeaponAbility']:
                ab_data = abilities.get(ab_name, {})
                if isinstance(ab_data, dict) and 'firing_arc' in ab_data:
                    base_arc = ab_data['firing_arc']
                    break
        self.assertEqual(base_arc, 180, "Base JSON firing_arc should be 180")
    
        # Simulate corruption
>       comp.firing_arc = 90
E       AttributeError: can't set attribute 'firing_arc'

tests\unit\test_modifier_defaults_robustness.py:68: AttributeError
---------------------------- Captured log teardown ----------------------------
[32mINFO    [0m StarshipBattles:logger.py:32 ShipThemeManager caches cleared.
__________________ TestShipThemeLogic.test_get_image_metrics __________________
[gw0] win32 -- Python 3.10.11 C:\Users\rossr\AppData\Local\Programs\Python\Python310\python.exe

self = <unit.test_ship_theme_logic.TestShipThemeLogic testMethod=test_get_image_metrics>
mock_load = <MagicMock name='load' id='2805771542416'>
mock_open_file = <MagicMock name='open' spec='builtin_function_or_method' id='2805771536992'>
mock_json_load = <MagicMock name='load' id='2805773515120'>
mock_exists = <MagicMock name='exists' id='2805773685120'>
mock_scandir = <MagicMock name='scandir' id='2805773692944'>
mock_log = <MagicMock name='log_error' id='2805773700832'>

    @patch('ship_theme.log_error')
    @patch('os.scandir')
    @patch('os.path.exists')
    @patch('ship_theme.json.load')
    @patch('builtins.open', new_callable=mock_open)
    @patch('pygame.image.load')
    def test_get_image_metrics(self, mock_load, mock_open_file, mock_json_load, mock_exists, mock_scandir, mock_log):
        """Test that bounding rect is correctly calculated and cached."""
    
        theme_name = "MetricsTheme"
        ship_class = "TestShip"
        json_content = {
            "name": theme_name,
            "images": {
                ship_class: "game.simulation.entities.ship.png"
            }
        }
    
        # Mocks setup
        mock_entry = MagicMock()
        mock_entry.is_dir.return_value = True
        mock_entry.path = f"/themes/{theme_name}"
        mock_scandir.return_value = [mock_entry]
    
        mock_exists.return_value = True # Simplify exists checks
        mock_json_load.return_value = json_content
    
        # Create a mock surface to avoid environment-specific convert_alpha behavior
        mock_surface = MagicMock(spec=pygame.Surface)
        mock_surface.get_size.return_value = (20, 20)
        # Use a real Rect for the mock to return
        mock_rect = pygame.Rect(5, 5, 10, 10)
        mock_surface.get_bounding_rect.return_value = mock_rect
        mock_surface.convert_alpha.return_value = mock_surface
    
        mock_load.return_value = mock_surface
    
        # Initialize
        self.manager.initialize("/fake/base/path")
    
        # Verify no errors logged
        mock_log.assert_not_called()
    
        # Verify metrics
        rect = self.manager.get_image_metrics(theme_name, ship_class)
        self.assertIsNotNone(rect)
>       self.assertEqual(rect.x, 5)
E       AssertionError: 0 != 5

tests\unit\test_ship_theme_logic.py:152: AssertionError
------------------------------ Captured log call ------------------------------
[32mINFO    [0m StarshipBattles:logger.py:32 Discovered 1 ship themes: ['MetricsTheme']
---------------------------- Captured log teardown ----------------------------
[32mINFO    [0m StarshipBattles:logger.py:32 ShipThemeManager caches cleared.
______________________ TestPDC.test_pdc_targets_missile _______________________
[gw10] win32 -- Python 3.10.11 C:\Users\rossr\AppData\Local\Programs\Python\Python310\python.exe

self = <unit.test_pdc.TestPDC testMethod=test_pdc_targets_missile>

    def test_pdc_targets_missile(self):
        # Context must be passed
        context = {'projectiles': self.scene.projectiles, 'grid': self.scene.engine.grid}
    
        # Ensure it is type 'missile' for ship_combat.py check
        self.missile.type = AttackType.MISSILE
        self.missile.is_alive = True
    
        self.ship.recalculate_stats()
        self.ship.current_energy = 1000
        self.ship.max_energy = 1000
        # fire_weapons prioritized current_target first, and only looks at secondary if max_targets > 1
        self.ship.current_target = self.missile
        self.ship.secondary_targets = [self.missile]
    
        # Diagnostic: Why is it not firing?
        # print(f"DEBUG: Alive={self.ship.is_alive}, Derelict={self.ship.is_derelict}, Energy={self.ship.current_energy}/{self.ship.max_energy}, Targets={self.ship.current_target}")
        # print(f"DEBUG: PDC Active={self.pdc.is_active}, CD={self.pdc.cooldown_timer}, Range={self.pdc.range}")
    
        attacks = self.ship.fire_weapons(context)
    
>       self.assertTrue(len(attacks) > 0, "PDC should have fired.")
E       AssertionError: False is not true : PDC should have fired.

tests\unit\test_pdc.py:130: AssertionError
---------------------------- Captured log teardown ----------------------------
[32mINFO    [0m StarshipBattles:logger.py:32 ShipThemeManager caches cleared.
__________ TestShipCaching.test_cached_summary_populated_after_calc ___________
[gw13] win32 -- Python 3.10.11 C:\Users\rossr\AppData\Local\Programs\Python\Python310\python.exe

self = <unit.test_ship_caching.TestShipCaching testMethod=test_cached_summary_populated_after_calc>

    def test_cached_summary_populated_after_calc(self):
        # Create a mock weapon component
        weapon_data = {
            "id": "TestWeapon",
            "name": "Test Laser",
            "type": "Weapon",
            "mass": 10,
            "hp": 50,
            "abilities": {
                "WeaponAbility": {"damage": 10, "reload": 1.0, "range": 1000}
            }
        }
        weapon = Component(weapon_data)
    
        # Add to ship
        # This triggers recalculate_stats -> calculate -> populate cache
        self.ship.add_component(weapon, self.ship.layers.keys().__iter__().__next__()) # Add to first available layer (CORE)
    
        summary = self.ship.cached_summary
        self.assertTrue(summary)
        self.assertIn('dps', summary)
        self.assertIn('mass', summary)
    
        # Verify values
>       self.assertEqual(summary['dps'], 10.0) # 10 / 1.0
E       AssertionError: 0.0 != 10.0

tests\unit\test_ship_caching.py:41: AssertionError
---------------------------- Captured log teardown ----------------------------
[32mINFO    [0m StarshipBattles:logger.py:32 ShipThemeManager caches cleared.
_________________ TestShipCaching.test_cached_summary_updates _________________
[gw13] win32 -- Python 3.10.11 C:\Users\rossr\AppData\Local\Programs\Python\Python310\python.exe

self = <unit.test_ship_caching.TestShipCaching testMethod=test_cached_summary_updates>

    def test_cached_summary_updates(self):
        # Add weapon
        weapon_data = {
            "id": "TestWeapon",
            "name": "Test Laser",
            "type": "Weapon",
            "mass": 10,
            "hp": 50,
            "abilities": {
                "WeaponAbility": {"damage": 10, "reload": 2.0, "range": 500}
            }
        }
        weapon = Component(weapon_data)
        self.ship.add_component(weapon, self.ship.layers.keys().__iter__().__next__())
    
        summary = self.ship.cached_summary
>       self.assertEqual(summary['dps'], 5.0)
E       AssertionError: 0.0 != 5.0

tests\unit\test_ship_caching.py:61: AssertionError
---------------------------- Captured log teardown ----------------------------
[32mINFO    [0m StarshipBattles:logger.py:32 ShipThemeManager caches cleared.
_________________ TestMainIntegration.test_game_instantiation _________________
[gw9] win32 -- Python 3.10.11 C:\Users\rossr\AppData\Local\Programs\Python\Python310\python.exe

self = <unit.test_main_integration.TestMainIntegration testMethod=test_game_instantiation>
mock_info = <MagicMock name='Info' id='1860852586032'>

    @patch('pygame.display.Info')
    def test_game_instantiation(self, mock_info):
        """Test that the Game class can be instantiated."""
        # Setup mocks for screen resolution
        mock_info_obj = MagicMock()
        type(mock_info_obj).current_w = unittest.mock.PropertyMock(return_value=1920)
        type(mock_info_obj).current_h = unittest.mock.PropertyMock(return_value=1080)
        # Fallback for direct attribute access if not property
        mock_info_obj.current_w = 1920
        mock_info_obj.current_h = 1080
        mock_info.return_value = mock_info_obj
    
        # We allow real set_mode to run (with dummy driver defined in imports)
        # to ensure surfaces can be converted.
    
        try:
            from game import app
>           game = app.Game()

tests\unit\test_main_integration.py:53: 
_ _ _ _ _ _ _ _ _ _ _ _ _ _ _ _ _ _ _ _ _ _ _ _ _ _ _ _ _ _ _ _ _ _ _ _ _ _ _ _
game\app.py:104: in __init__
    self.builder_scene = BuilderSceneGUI(WIDTH, HEIGHT, self.on_builder_return)
game\ui\screens\builder_screen.py:123: in __init__
    self._create_ui()
game\ui\screens\builder_screen.py:132: in _create_ui
    self.left_panel = BuilderLeftPanel(
ui\builder\left_panel.py:24: in __init__
    UILabel(
C:\Users\rossr\AppData\Local\Programs\Python\Python310\lib\site-packages\pygame_gui\elements\ui_label.py:122: in __init__
    self.rebuild_from_changed_theme_data()
C:\Users\rossr\AppData\Local\Programs\Python\Python310\lib\site-packages\pygame_gui\elements\ui_label.py:314: in rebuild_from_changed_theme_data
    self.rebuild()
C:\Users\rossr\AppData\Local\Programs\Python\Python310\lib\site-packages\pygame_gui\elements\ui_label.py:210: in rebuild
    self.drawable_shape = RectDrawableShape(
C:\Users\rossr\AppData\Local\Programs\Python\Python310\lib\site-packages\pygame_gui\core\drawable_shapes\rect_drawable_shape.py:64: in __init__
    self.full_rebuild_on_size_change()
C:\Users\rossr\AppData\Local\Programs\Python\Python310\lib\site-packages\pygame_gui\core\drawable_shapes\rect_drawable_shape.py:217: in full_rebuild_on_size_change
    self.redraw_all_states()
C:\Users\rossr\AppData\Local\Programs\Python\Python310\lib\site-packages\pygame_gui\core\drawable_shapes\drawable_shape.py:480: in redraw_all_states
    self.redraw_state(initial_state)
C:\Users\rossr\AppData\Local\Programs\Python\Python310\lib\site-packages\pygame_gui\core\drawable_shapes\rect_drawable_shape.py:462: in redraw_state
    self.finalise_images_and_text(
C:\Users\rossr\AppData\Local\Programs\Python\Python310\lib\site-packages\pygame_gui\core\drawable_shapes\drawable_shape.py:630: in finalise_images_and_text
    self.finalise_text(
C:\Users\rossr\AppData\Local\Programs\Python\Python310\lib\site-packages\pygame_gui\core\drawable_shapes\drawable_shape.py:868: in finalise_text
    self.text_box_layout.finalise_to_surf(text_surface)
C:\Users\rossr\AppData\Local\Programs\Python\Python310\lib\site-packages\pygame_gui\core\text\text_box_layout.py:512: in finalise_to_surf
    row.finalise(surface)
C:\Users\rossr\AppData\Local\Programs\Python\Python310\lib\site-packages\pygame_gui\core\text\text_box_layout_row.py:394: in finalise
    text_chunk.finalise(
C:\Users\rossr\AppData\Local\Programs\Python\Python310\lib\site-packages\pygame_gui\core\text\text_line_chunk.py:213: in finalise
    surface = self._draw_text(
C:\Users\rossr\AppData\Local\Programs\Python\Python310\lib\site-packages\pygame_gui\core\text\text_line_chunk.py:388: in _draw_text
    text_surface = self._handle_text_selection_and_text_drawing(
C:\Users\rossr\AppData\Local\Programs\Python\Python310\lib\site-packages\pygame_gui\core\text\text_line_chunk.py:321: in _handle_text_selection_and_text_drawing
    text_surface: pygame.Surface = self.font.render_premul_to(
_ _ _ _ _ _ _ _ _ _ _ _ _ _ _ _ _ _ _ _ _ _ _ _ _ _ _ _ _ _ _ _ _ _ _ _ _ _ _ _

self = <pygame_gui.core.gui_font_pygame.GUIFontPygame object at 0x000001B1438A5E40>
text = 'Components', text_colour = Color(255, 255, 255, 255)
surf_size = (85, 20), surf_position = (0, 15)

    def render_premul_to(
        self,
        text: str,
        text_colour: Color,
        surf_size: Tuple[int, int],
        surf_position: Tuple[int, int],
    ) -> Surface:
        text_surface = pygame.Surface(surf_size, depth=32, flags=pygame.SRCALPHA)
        text_surface.fill((0, 0, 0, 0))
        temp_surf = self.__internal_font.render(text, self.antialiased, text_colour)
>       temp_surf = temp_surf.convert_alpha()
E       pygame.error: No convert format has been set, try display.set_mode() or Window.get_surface().

C:\Users\rossr\AppData\Local\Programs\Python\Python310\lib\site-packages\pygame_gui\core\gui_font_pygame.py:121: error

During handling of the above exception, another exception occurred:

self = <unit.test_main_integration.TestMainIntegration testMethod=test_game_instantiation>
mock_info = <MagicMock name='Info' id='1860852586032'>

    @patch('pygame.display.Info')
    def test_game_instantiation(self, mock_info):
        """Test that the Game class can be instantiated."""
        # Setup mocks for screen resolution
        mock_info_obj = MagicMock()
        type(mock_info_obj).current_w = unittest.mock.PropertyMock(return_value=1920)
        type(mock_info_obj).current_h = unittest.mock.PropertyMock(return_value=1080)
        # Fallback for direct attribute access if not property
        mock_info_obj.current_w = 1920
        mock_info_obj.current_h = 1080
        mock_info.return_value = mock_info_obj
    
        # We allow real set_mode to run (with dummy driver defined in imports)
        # to ensure surfaces can be converted.
    
        try:
            from game import app
            game = app.Game()
            self.assertIsNotNone(game)
            self.assertIsNotNone(game.battle_scene)
            self.assertIsNotNone(game.battle_scene.engine)
    
            # Verify the engine has a logger (instance based)
            self.assertTrue(hasattr(game.battle_scene.engine, 'logger'))
    
            # Verify BATTLE_LOG is NOT a property of the battle module anymore
            from game.ui.screens import battle_scene
            self.assertFalse(hasattr(battle_scene, 'BATTLE_LOG'), "battle_scene module should not export global BATTLE_LOG")
    
        except ImportError as e:
            self.fail(f"Game instantiation failed due to ImportError: {e}")
        except Exception as e:
>           self.fail(f"Game instantiation failed with exception: {e}")
E           AssertionError: Game instantiation failed with exception: No convert format has been set, try display.set_mode() or Window.get_surface().

tests\unit\test_main_integration.py:68: AssertionError
---------------------------- Captured stdout call -----------------------------
Loading sprites from C:\Dev\Starship Battles\assets\Images\Components\Tiles
ERROR loading 2048Portrait_Comp_001.jpg: No convert format has been set, try display.set_mode() or Window.get_surface().
ERROR loading 2048Portrait_Comp_002.jpg: No convert format has been set, try display.set_mode() or Window.get_surface().
ERROR loading 2048Portrait_Comp_003.jpg: No convert format has been set, try display.set_mode() or Window.get_surface().
ERROR loading 2048Portrait_Comp_004.jpg: No convert format has been set, try display.set_mode() or Window.get_surface().
ERROR loading 2048Portrait_Comp_005.jpg: No convert format has been set, try display.set_mode() or Window.get_surface().
ERROR loading 2048Portrait_Comp_006.jpg: No convert format has been set, try display.set_mode() or Window.get_surface().
ERROR loading 2048Portrait_Comp_007.jpg: No convert format has been set, try display.set_mode() or Window.get_surface().
ERROR loading 2048Portrait_Comp_008.jpg: No convert format has been set, try display.set_mode() or Window.get_surface().
ERROR loading 2048Portrait_Comp_009.jpg: No convert format has been set, try display.set_mode() or Window.get_surface().
ERROR loading 2048Portrait_Comp_010.jpg: No convert format has been set, try display.set_mode() or Window.get_surface().
ERROR loading 2048Portrait_Comp_011.jpg: No convert format has been set, try display.set_mode() or Window.get_surface().
ERROR loading 2048Portrait_Comp_012.jpg: No convert format has been set, try display.set_mode() or Window.get_surface().
ERROR loading 2048Portrait_Comp_013.jpg: No convert format has been set, try display.set_mode() or Window.get_surface().
ERROR loading 2048Portrait_Comp_014.jpg: No convert format has been set, try display.set_mode() or Window.get_surface().
ERROR loading 2048Portrait_Comp_015.jpg: No convert format has been set, try display.set_mode() or Window.get_surface().
ERROR loading 2048Portrait_Comp_016.jpg: No convert format has been set, try display.set_mode() or Window.get_surface().
ERROR loading 2048Portrait_Comp_017.jpg: No convert format has been set, try display.set_mode() or Window.get_surface().
ERROR loading 2048Portrait_Comp_018.jpg: No convert format has been set, try display.set_mode() or Window.get_surface().
ERROR loading 2048Portrait_Comp_019.jpg: No convert format has been set, try display.set_mode() or Window.get_surface().
ERROR loading 2048Portrait_Comp_020.jpg: No convert format has been set, try display.set_mode() or Window.get_surface().
ERROR loading 2048Portrait_Comp_021.jpg: No convert format has been set, try display.set_mode() or Window.get_surface().
ERROR loading 2048Portrait_Comp_022.jpg: No convert format has been set, try display.set_mode() or Window.get_surface().
ERROR loading 2048Portrait_Comp_023.jpg: No convert format has been set, try display.set_mode() or Window.get_surface().
ERROR loading 2048Portrait_Comp_024.jpg: No convert format has been set, try display.set_mode() or Window.get_surface().
ERROR loading 2048Portrait_Comp_025.jpg: No convert format has been set, try display.set_mode() or Window.get_surface().
ERROR loading 2048Portrait_Comp_026.jpg: No convert format has been set, try display.set_mode() or Window.get_surface().
ERROR loading 2048Portrait_Comp_027.jpg: No convert format has been set, try display.set_mode() or Window.get_surface().
ERROR loading 2048Portrait_Comp_028.jpg: No convert format has been set, try display.set_mode() or Window.get_surface().
ERROR loading 2048Portrait_Comp_029.jpg: No convert format has been set, try display.set_mode() or Window.get_surface().
ERROR loading 2048Portrait_Comp_030.jpg: No convert format has been set, try display.set_mode() or Window.get_surface().
ERROR loading 2048Portrait_Comp_031.jpg: No convert format has been set, try display.set_mode() or Window.get_surface().
ERROR loading 2048Portrait_Comp_032.jpg: No convert format has been set, try display.set_mode() or Window.get_surface().
ERROR loading 2048Portrait_Comp_033.jpg: No convert format has been set, try display.set_mode() or Window.get_surface().
ERROR loading 2048Portrait_Comp_034.jpg: No convert format has been set, try display.set_mode() or Window.get_surface().
ERROR loading 2048Portrait_Comp_035.jpg: No convert format has been set, try display.set_mode() or Window.get_surface().
ERROR loading 2048Portrait_Comp_036.jpg: No convert format has been set, try display.set_mode() or Window.get_surface().
ERROR loading 2048Portrait_Comp_037.jpg: No convert format has been set, try display.set_mode() or Window.get_surface().
ERROR loading 2048Portrait_Comp_038.jpg: No convert format has been set, try display.set_mode() or Window.get_surface().
ERROR loading 2048Portrait_Comp_039.jpg: No convert format has been set, try display.set_mode() or Window.get_surface().
ERROR loading 2048Portrait_Comp_040.jpg: No convert format has been set, try display.set_mode() or Window.get_surface().
ERROR loading 2048Portrait_Comp_041.jpg: No convert format has been set, try display.set_mode() or Window.get_surface().
ERROR loading 2048Portrait_Comp_042.jpg: No convert format has been set, try display.set_mode() or Window.get_surface().
ERROR loading 2048Portrait_Comp_043.jpg: No convert format has been set, try display.set_mode() or Window.get_surface().
ERROR loading 2048Portrait_Comp_044.jpg: No convert format has been set, try display.set_mode() or Window.get_surface().
ERROR loading 2048Portrait_Comp_045.jpg: No convert format has been set, try display.set_mode() or Window.get_surface().
ERROR loading 2048Portrait_Comp_046.jpg: No convert format has been set, try display.set_mode() or Window.get_surface().
ERROR loading 2048Portrait_Comp_047.jpg: No convert format has been set, try display.set_mode() or Window.get_surface().
ERROR loading 2048Portrait_Comp_048.jpg: No convert format has been set, try display.set_mode() or Window.get_surface().
ERROR loading 2048Portrait_Comp_049.jpg: No convert format has been set, try display.set_mode() or Window.get_surface().
ERROR loading 2048Portrait_Comp_050.jpg: No convert format has been set, try display.set_mode() or Window.get_surface().
ERROR loading 2048Portrait_Comp_051.jpg: No convert format has been set, try display.set_mode() or Window.get_surface().
ERROR loading 2048Portrait_Comp_052.jpg: No convert format has been set, try display.set_mode() or Window.get_surface().
ERROR loading 2048Portrait_Comp_053.jpg: No convert format has been set, try display.set_mode() or Window.get_surface().
ERROR loading 2048Portrait_Comp_054.jpg: No convert format has been set, try display.set_mode() or Window.get_surface().
ERROR loading 2048Portrait_Comp_055.jpg: No convert format has been set, try display.set_mode() or Window.get_surface().
ERROR loading 2048Portrait_Comp_056.jpg: No convert format has been set, try display.set_mode() or Window.get_surface().
ERROR loading 2048Portrait_Comp_057.jpg: No convert format has been set, try display.set_mode() or Window.get_surface().
ERROR loading 2048Portrait_Comp_058.jpg: No convert format has been set, try display.set_mode() or Window.get_surface().
ERROR loading 2048Portrait_Comp_059.jpg: No convert format has been set, try display.set_mode() or Window.get_surface().
ERROR loading 2048Portrait_Comp_060.jpg: No convert format has been set, try display.set_mode() or Window.get_surface().
ERROR loading 2048Portrait_Comp_061.jpg: No convert format has been set, try display.set_mode() or Window.get_surface().
ERROR loading 2048Portrait_Comp_062.jpg: No convert format has been set, try display.set_mode() or Window.get_surface().
ERROR loading 2048Portrait_Comp_063.jpg: No convert format has been set, try display.set_mode() or Window.get_surface().
ERROR loading 2048Portrait_Comp_064.jpg: No convert format has been set, try display.set_mode() or Window.get_surface().
ERROR loading 2048Portrait_Comp_065.jpg: No convert format has been set, try display.set_mode() or Window.get_surface().
ERROR loading 2048Portrait_Comp_066.jpg: No convert format has been set, try display.set_mode() or Window.get_surface().
ERROR loading 2048Portrait_Comp_067.jpg: No convert format has been set, try display.set_mode() or Window.get_surface().
ERROR loading 2048Portrait_Comp_068.jpg: No convert format has been set, try display.set_mode() or Window.get_surface().
ERROR loading 2048Portrait_Comp_069.jpg: No convert format has been set, try display.set_mode() or Window.get_surface().
ERROR loading 2048Portrait_Comp_070.jpg: No convert format has been set, try display.set_mode() or Window.get_surface().
ERROR loading 2048Portrait_Comp_071.jpg: No convert format has been set, try display.set_mode() or Window.get_surface().
ERROR loading 2048Portrait_Comp_072.jpg: No convert format has been set, try display.set_mode() or Window.get_surface().
ERROR loading 2048Portrait_Comp_073.jpg: No convert format has been set, try display.set_mode() or Window.get_surface().
ERROR loading 2048Portrait_Comp_074.jpg: No convert format has been set, try display.set_mode() or Window.get_surface().
ERROR loading 2048Portrait_Comp_075.jpg: No convert format has been set, try display.set_mode() or Window.get_surface().
ERROR loading 2048Portrait_Comp_076.jpg: No convert format has been set, try display.set_mode() or Window.get_surface().
ERROR loading 2048Portrait_Comp_077.jpg: No convert format has been set, try display.set_mode() or Window.get_surface().
ERROR loading 2048Portrait_Comp_078.jpg: No convert format has been set, try display.set_mode() or Window.get_surface().
ERROR loading 2048Portrait_Comp_079.jpg: No convert format has been set, try display.set_mode() or Window.get_surface().
ERROR loading 2048Portrait_Comp_080.jpg: No convert format has been set, try display.set_mode() or Window.get_surface().
ERROR loading 2048Portrait_Comp_081.jpg: No convert format has been set, try display.set_mode() or Window.get_surface().
ERROR loading 2048Portrait_Comp_082.jpg: No convert format has been set, try display.set_mode() or Window.get_surface().
ERROR loading 2048Portrait_Comp_083.jpg: No convert format has been set, try display.set_mode() or Window.get_surface().
ERROR loading 2048Portrait_Comp_084.jpg: No convert format has been set, try display.set_mode() or Window.get_surface().
ERROR loading 2048Portrait_Comp_085.jpg: No convert format has been set, try display.set_mode() or Window.get_surface().
ERROR loading 2048Portrait_Comp_086.jpg: No convert format has been set, try display.set_mode() or Window.get_surface().
ERROR loading 2048Portrait_Comp_087.jpg: No convert format has been set, try display.set_mode() or Window.get_surface().
ERROR loading 2048Portrait_Comp_088.jpg: No convert format has been set, try display.set_mode() or Window.get_surface().
ERROR loading 2048Portrait_Comp_089.jpg: No convert format has been set, try display.set_mode() or Window.get_surface().
ERROR loading 2048Portrait_Comp_090.jpg: No convert format has been set, try display.set_mode() or Window.get_surface().
ERROR loading 2048Portrait_Comp_091.jpg: No convert format has been set, try display.set_mode() or Window.get_surface().
ERROR loading 2048Portrait_Comp_092.jpg: No convert format has been set, try display.set_mode() or Window.get_surface().
ERROR loading 2048Portrait_Comp_093.jpg: No convert format has been set, try display.set_mode() or Window.get_surface().
ERROR loading 2048Portrait_Comp_094.jpg: No convert format has been set, try display.set_mode() or Window.get_surface().
ERROR loading 2048Portrait_Comp_095.jpg: No convert format has been set, try display.set_mode() or Window.get_surface().
ERROR loading 2048Portrait_Comp_096.jpg: No convert format has been set, try display.set_mode() or Window.get_surface().
ERROR loading 2048Portrait_Comp_097.jpg: No convert format has been set, try display.set_mode() or Window.get_surface().
ERROR loading 2048Portrait_Comp_098.jpg: No convert format has been set, try display.set_mode() or Window.get_surface().
ERROR loading 2048Portrait_Comp_099.jpg: No convert format has been set, try display.set_mode() or Window.get_surface().
ERROR loading 2048Portrait_Comp_100.jpg: No convert format has been set, try display.set_mode() or Window.get_surface().
ERROR loading 2048Portrait_Comp_101.jpg: No convert format has been set, try display.set_mode() or Window.get_surface().
ERROR loading 2048Portrait_Comp_102.jpg: No convert format has been set, try display.set_mode() or Window.get_surface().
ERROR loading 2048Portrait_Comp_103.jpg: No convert format has been set, try display.set_mode() or Window.get_surface().
ERROR loading 2048Portrait_Comp_104.jpg: No convert format has been set, try display.set_mode() or Window.get_surface().
ERROR loading 2048Portrait_Comp_105.jpg: No convert format has been set, try display.set_mode() or Window.get_surface().
ERROR loading 2048Portrait_Comp_106.jpg: No convert format has been set, try display.set_mode() or Window.get_surface().
ERROR loading 2048Portrait_Comp_107.jpg: No convert format has been set, try display.set_mode() or Window.get_surface().
ERROR loading 2048Portrait_Comp_108.jpg: No convert format has been set, try display.set_mode() or Window.get_surface().
ERROR loading 2048Portrait_Comp_109.jpg: No convert format has been set, try display.set_mode() or Window.get_surface().
ERROR loading 2048Portrait_Comp_110.jpg: No convert format has been set, try display.set_mode() or Window.get_surface().
ERROR loading 2048Portrait_Comp_111.jpg: No convert format has been set, try display.set_mode() or Window.get_surface().
ERROR loading 2048Portrait_Comp_112.jpg: No convert format has been set, try display.set_mode() or Window.get_surface().
ERROR loading 2048Portrait_Comp_113.jpg: No convert format has been set, try display.set_mode() or Window.get_surface().
ERROR loading 2048Portrait_Comp_114.jpg: No convert format has been set, try display.set_mode() or Window.get_surface().
ERROR loading 2048Portrait_Comp_115.jpg: No convert format has been set, try display.set_mode() or Window.get_surface().
ERROR loading 2048Portrait_Comp_116.jpg: No convert format has been set, try display.set_mode() or Window.get_surface().
ERROR loading 2048Portrait_Comp_117.jpg: No convert format has been set, try display.set_mode() or Window.get_surface().
ERROR loading 2048Portrait_Comp_118.jpg: No convert format has been set, try display.set_mode() or Window.get_surface().
ERROR loading 2048Portrait_Comp_119.jpg: No convert format has been set, try display.set_mode() or Window.get_surface().
ERROR loading 2048Portrait_Comp_120.jpg: No convert format has been set, try display.set_mode() or Window.get_surface().
ERROR loading 2048Portrait_Comp_121.jpg: No convert format has been set, try display.set_mode() or Window.get_surface().
ERROR loading 2048Portrait_Comp_122.jpg: No convert format has been set, try display.set_mode() or Window.get_surface().
ERROR loading 2048Portrait_Comp_123.jpg: No convert format has been set, try display.set_mode() or Window.get_surface().
ERROR loading 2048Portrait_Comp_124.jpg: No convert format has been set, try display.set_mode() or Window.get_surface().
ERROR loading 2048Portrait_Comp_125.jpg: No convert format has been set, try display.set_mode() or Window.get_surface().
ERROR loading 2048Portrait_Comp_126.jpg: No convert format has been set, try display.set_mode() or Window.get_surface().
ERROR loading 2048Portrait_Comp_127.jpg: No convert format has been set, try display.set_mode() or Window.get_surface().
ERROR loading 2048Portrait_Comp_128.jpg: No convert format has been set, try display.set_mode() or Window.get_surface().
ERROR loading 2048Portrait_Comp_129.jpg: No convert format has been set, try display.set_mode() or Window.get_surface().
ERROR loading 2048Portrait_Comp_130.jpg: No convert format has been set, try display.set_mode() or Window.get_surface().
ERROR loading 2048Portrait_Comp_131.jpg: No convert format has been set, try display.set_mode() or Window.get_surface().
ERROR loading 2048Portrait_Comp_132.jpg: No convert format has been set, try display.set_mode() or Window.get_surface().
ERROR loading 2048Portrait_Comp_133.jpg: No convert format has been set, try display.set_mode() or Window.get_surface().
ERROR loading 2048Portrait_Comp_134.jpg: No convert format has been set, try display.set_mode() or Window.get_surface().
ERROR loading 2048Portrait_Comp_135.jpg: No convert format has been set, try display.set_mode() or Window.get_surface().
ERROR loading 2048Portrait_Comp_136.jpg: No convert format has been set, try display.set_mode() or Window.get_surface().
ERROR loading 2048Portrait_Comp_137.jpg: No convert format has been set, try display.set_mode() or Window.get_surface().
ERROR loading 2048Portrait_Comp_138.jpg: No convert format has been set, try display.set_mode() or Window.get_surface().
ERROR loading 2048Portrait_Comp_139.jpg: No convert format has been set, try display.set_mode() or Window.get_surface().
ERROR loading 2048Portrait_Comp_140.jpg: No convert format has been set, try display.set_mode() or Window.get_surface().
ERROR loading 2048Portrait_Comp_141.jpg: No convert format has been set, try display.set_mode() or Window.get_surface().
ERROR loading 2048Portrait_Comp_142.jpg: No convert format has been set, try display.set_mode() or Window.get_surface().
ERROR loading 2048Portrait_Comp_143.jpg: No convert format has been set, try display.set_mode() or Window.get_surface().
ERROR loading 2048Portrait_Comp_144.jpg: No convert format has been set, try display.set_mode() or Window.get_surface().
ERROR loading 2048Portrait_Comp_145.jpg: No convert format has been set, try display.set_mode() or Window.get_surface().
ERROR loading 2048Portrait_Comp_146.jpg: No convert format has been set, try display.set_mode() or Window.get_surface().
ERROR loading 2048Portrait_Comp_147.jpg: No convert format has been set, try display.set_mode() or Window.get_surface().
ERROR loading 2048Portrait_Comp_148.jpg: No convert format has been set, try display.set_mode() or Window.get_surface().
ERROR loading 2048Portrait_Comp_149.jpg: No convert format has been set, try display.set_mode() or Window.get_surface().
ERROR loading 2048Portrait_Comp_150.jpg: No convert format has been set, try display.set_mode() or Window.get_surface().
ERROR loading 2048Portrait_Comp_151.jpg: No convert format has been set, try display.set_mode() or Window.get_surface().
ERROR loading 2048Portrait_Comp_152.jpg: No convert format has been set, try display.set_mode() or Window.get_surface().
ERROR loading 2048Portrait_Comp_153.jpg: No convert format has been set, try display.set_mode() or Window.get_surface().
ERROR loading 2048Portrait_Comp_154.jpg: No convert format has been set, try display.set_mode() or Window.get_surface().
ERROR loading 2048Portrait_Comp_155.jpg: No convert format has been set, try display.set_mode() or Window.get_surface().
ERROR loading 2048Portrait_Comp_156.jpg: No convert format has been set, try display.set_mode() or Window.get_surface().
ERROR loading 2048Portrait_Comp_157.jpg: No convert format has been set, try display.set_mode() or Window.get_surface().
ERROR loading 2048Portrait_Comp_158.jpg: No convert format has been set, try display.set_mode() or Window.get_surface().
ERROR loading 2048Portrait_Comp_159.jpg: No convert format has been set, try display.set_mode() or Window.get_surface().
ERROR loading 2048Portrait_Comp_160.jpg: No convert format has been set, try display.set_mode() or Window.get_surface().
ERROR loading 2048Portrait_Comp_161.jpg: No convert format has been set, try display.set_mode() or Window.get_surface().
ERROR loading 2048Portrait_Comp_162.jpg: No convert format has been set, try display.set_mode() or Window.get_surface().
ERROR loading 2048Portrait_Comp_163.jpg: No convert format has been set, try display.set_mode() or Window.get_surface().
ERROR loading 2048Portrait_Comp_164.jpg: No convert format has been set, try display.set_mode() or Window.get_surface().
ERROR loading 2048Portrait_Comp_165.jpg: No convert format has been set, try display.set_mode() or Window.get_surface().
ERROR loading 2048Portrait_Comp_166.jpg: No convert format has been set, try display.set_mode() or Window.get_surface().
ERROR loading 2048Portrait_Comp_167.jpg: No convert format has been set, try display.set_mode() or Window.get_surface().
ERROR loading 2048Portrait_Comp_168.jpg: No convert format has been set, try display.set_mode() or Window.get_surface().
ERROR loading 2048Portrait_Comp_169.jpg: No convert format has been set, try display.set_mode() or Window.get_surface().
ERROR loading 2048Portrait_Comp_170.jpg: No convert format has been set, try display.set_mode() or Window.get_surface().
ERROR loading 2048Portrait_Comp_171.jpg: No convert format has been set, try display.set_mode() or Window.get_surface().
ERROR loading 2048Portrait_Comp_172.jpg: No convert format has been set, try display.set_mode() or Window.get_surface().
ERROR loading 2048Portrait_Comp_173.jpg: No convert format has been set, try display.set_mode() or Window.get_surface().
ERROR loading 2048Portrait_Comp_174.jpg: No convert format has been set, try display.set_mode() or Window.get_surface().
ERROR loading 2048Portrait_Comp_175.jpg: No convert format has been set, try display.set_mode() or Window.get_surface().
ERROR loading 2048Portrait_Comp_176.jpg: No convert format has been set, try display.set_mode() or Window.get_surface().
ERROR loading 2048Portrait_Comp_177.jpg: No convert format has been set, try display.set_mode() or Window.get_surface().
ERROR loading 2048Portrait_Comp_178.jpg: No convert format has been set, try display.set_mode() or Window.get_surface().
ERROR loading 2048Portrait_Comp_179.jpg: No convert format has been set, try display.set_mode() or Window.get_surface().
ERROR loading 2048Portrait_Comp_180.jpg: No convert format has been set, try display.set_mode() or Window.get_surface().
ERROR loading 2048Portrait_Comp_181.jpg: No convert format has been set, try display.set_mode() or Window.get_surface().
ERROR loading 2048Portrait_Comp_182.jpg: No convert format has been set, try display.set_mode() or Window.get_surface().
ERROR loading 2048Portrait_Comp_183.jpg: No convert format has been set, try display.set_mode() or Window.get_surface().
ERROR loading 2048Portrait_Comp_184.jpg: No convert format has been set, try display.set_mode() or Window.get_surface().
ERROR loading 2048Portrait_Comp_185.jpg: No convert format has been set, try display.set_mode() or Window.get_surface().
ERROR loading 2048Portrait_Comp_186.jpg: No convert format has been set, try display.set_mode() or Window.get_surface().
ERROR loading 2048Portrait_Comp_187.jpg: No convert format has been set, try display.set_mode() or Window.get_surface().
ERROR loading 2048Portrait_Comp_188.jpg: No convert format has been set, try display.set_mode() or Window.get_surface().
ERROR loading 2048Portrait_Comp_189.jpg: No convert format has been set, try display.set_mode() or Window.get_surface().
ERROR loading 2048Portrait_Comp_190.jpg: No convert format has been set, try display.set_mode() or Window.get_surface().
ERROR loading 2048Portrait_Comp_191.jpg: No convert format has been set, try display.set_mode() or Window.get_surface().
ERROR loading 2048Portrait_Comp_192.jpg: No convert format has been set, try display.set_mode() or Window.get_surface().
ERROR loading 2048Portrait_Comp_193.jpg: No convert format has been set, try display.set_mode() or Window.get_surface().
ERROR loading 2048Portrait_Comp_194.jpg: No convert format has been set, try display.set_mode() or Window.get_surface().
ERROR loading 2048Portrait_Comp_195.jpg: No convert format has been set, try display.set_mode() or Window.get_surface().
ERROR loading 2048Portrait_Comp_196.jpg: No convert format has been set, try display.set_mode() or Window.get_surface().
ERROR loading 2048Portrait_Comp_197.jpg: No convert format has been set, try display.set_mode() or Window.get_surface().
ERROR loading 2048Portrait_Comp_198.jpg: No convert format has been set, try display.set_mode() or Window.get_surface().
ERROR loading 2048Portrait_Comp_199.jpg: No convert format has been set, try display.set_mode() or Window.get_surface().
ERROR loading 2048Portrait_Comp_200.jpg: No convert format has been set, try display.set_mode() or Window.get_surface().
ERROR loading 2048Portrait_Comp_201.jpg: No convert format has been set, try display.set_mode() or Window.get_surface().
ERROR loading 2048Portrait_Comp_202.jpg: No convert format has been set, try display.set_mode() or Window.get_surface().
ERROR loading 2048Portrait_Comp_203.jpg: No convert format has been set, try display.set_mode() or Window.get_surface().
ERROR loading 2048Portrait_Comp_204.jpg: No convert format has been set, try display.set_mode() or Window.get_surface().
ERROR loading 2048Portrait_Comp_205.jpg: No convert format has been set, try display.set_mode() or Window.get_surface().
ERROR loading 2048Portrait_Comp_206.jpg: No convert format has been set, try display.set_mode() or Window.get_surface().
ERROR loading 2048Portrait_Comp_207.jpg: No convert format has been set, try display.set_mode() or Window.get_surface().
ERROR loading 2048Portrait_Comp_208.jpg: No convert format has been set, try display.set_mode() or Window.get_surface().
ERROR loading 2048Portrait_Comp_209.jpg: No convert format has been set, try display.set_mode() or Window.get_surface().
ERROR loading 2048Portrait_Comp_210.jpg: No convert format has been set, try display.set_mode() or Window.get_surface().
ERROR loading 2048Portrait_Comp_211.jpg: No convert format has been set, try display.set_mode() or Window.get_surface().
ERROR loading 2048Portrait_Comp_212.jpg: No convert format has been set, try display.set_mode() or Window.get_surface().
ERROR loading 2048Portrait_Comp_213.jpg: No convert format has been set, try display.set_mode() or Window.get_surface().
ERROR loading 2048Portrait_Comp_214.jpg: No convert format has been set, try display.set_mode() or Window.get_surface().
ERROR loading 2048Portrait_Comp_215.jpg: No convert format has been set, try display.set_mode() or Window.get_surface().
ERROR loading 2048Portrait_Comp_216.jpg: No convert format has been set, try display.set_mode() or Window.get_surface().
ERROR loading 2048Portrait_Comp_217.jpg: No convert format has been set, try display.set_mode() or Window.get_surface().
ERROR loading 2048Portrait_Comp_218.jpg: No convert format has been set, try display.set_mode() or Window.get_surface().
ERROR loading 2048Portrait_Comp_219.jpg: No convert format has been set, try display.set_mode() or Window.get_surface().
ERROR loading 2048Portrait_Comp_220.jpg: No convert format has been set, try display.set_mode() or Window.get_surface().
ERROR loading 2048Portrait_Comp_221.jpg: No convert format has been set, try display.set_mode() or Window.get_surface().
ERROR loading 2048Portrait_Comp_222.jpg: No convert format has been set, try display.set_mode() or Window.get_surface().
ERROR loading 2048Portrait_Comp_223.jpg: No convert format has been set, try display.set_mode() or Window.get_surface().
ERROR loading 2048Portrait_Comp_224.jpg: No convert format has been set, try display.set_mode() or Window.get_surface().
ERROR loading 2048Portrait_Comp_225.jpg: No convert format has been set, try display.set_mode() or Window.get_surface().
ERROR loading 2048Portrait_Comp_226.jpg: No convert format has been set, try display.set_mode() or Window.get_surface().
ERROR loading 2048Portrait_Comp_227.jpg: No convert format has been set, try display.set_mode() or Window.get_surface().
ERROR loading 2048Portrait_Comp_228.jpg: No convert format has been set, try display.set_mode() or Window.get_surface().
ERROR loading 2048Portrait_Comp_229.jpg: No convert format has been set, try display.set_mode() or Window.get_surface().
ERROR loading 2048Portrait_Comp_230.jpg: No convert format has been set, try display.set_mode() or Window.get_surface().
ERROR loading 2048Portrait_Comp_231.jpg: No convert format has been set, try display.set_mode() or Window.get_surface().
ERROR loading 2048Portrait_Comp_232.jpg: No convert format has been set, try display.set_mode() or Window.get_surface().
ERROR loading 2048Portrait_Comp_233.jpg: No convert format has been set, try display.set_mode() or Window.get_surface().
ERROR loading 2048Portrait_Comp_234.jpg: No convert format has been set, try display.set_mode() or Window.get_surface().
ERROR loading 2048Portrait_Comp_235.jpg: No convert format has been set, try display.set_mode() or Window.get_surface().
ERROR loading 2048Portrait_Comp_236.jpg: No convert format has been set, try display.set_mode() or Window.get_surface().
ERROR loading 2048Portrait_Comp_237.jpg: No convert format has been set, try display.set_mode() or Window.get_surface().
ERROR loading 2048Portrait_Comp_238.jpg: No convert format has been set, try display.set_mode() or Window.get_surface().
ERROR loading 2048Portrait_Comp_239.jpg: No convert format has been set, try display.set_mode() or Window.get_surface().
ERROR loading 2048Portrait_Comp_240.jpg: No convert format has been set, try display.set_mode() or Window.get_surface().
ERROR loading 2048Portrait_Comp_241.jpg: No convert format has been set, try display.set_mode() or Window.get_surface().
ERROR loading 2048Portrait_Comp_242.jpg: No convert format has been set, try display.set_mode() or Window.get_surface().
SUCCESS: Loaded 0 sprites from directory (max index -1)
------------------------------ Captured log call ------------------------------
[32mINFO    [0m StarshipBattles:logger.py:32 Discovered 4 ship themes: ['Atlantians', 'Federation', 'Klingons', 'Romulans']
---------------------------- Captured log teardown ----------------------------
[32mINFO    [0m StarshipBattles:logger.py:32 ShipThemeManager caches cleared.
______________ TestBuilderUISync.test_refresh_controls_syncs_ui _______________
[gw12] win32 -- Python 3.10.11 C:\Users\rossr\AppData\Local\Programs\Python\Python310\python.exe

self = <unit.test_builder_ui_sync.TestBuilderUISync testMethod=test_refresh_controls_syncs_ui>

    def test_refresh_controls_syncs_ui(self):
        """Verify that refresh_controls updates UI elements to match ship state."""
        # 1. Modify Ship State from defaults (Escort, Federation)
        self.mock_builder.ship.name = "New Name"
    
        # Ensure we pick a class that definitely exists and isn't Escort
        target_class = "Cruiser"
        if target_class not in VEHICLE_CLASSES:
             # Fallback if data is different
             target_class = list(VEHICLE_CLASSES.keys())[-1]
    
        self.mock_builder.ship.ship_class = target_class
        self.mock_builder.ship.theme_id = "Klingon"
    
        # Set AI to something non-default
        # Default is usually optimal_firing_range
        self.mock_builder.ship.ai_strategy = "kamikaze"
    
        # 2. Call Refresh (mocking portrait update to avoid side effects)
        # 2. Call Refresh (mocking portrait update to avoid side effects)
        with patch.object(self.panel, 'update_portrait_image') as mock_update_img:
            self.panel.refresh_controls()
            mock_update_img.assert_called_once()
    
        # 3. Assert UI values match Ship State
    
        # Name
        self.assertEqual(self.panel.name_entry.get_text(), "New Name")
    
        # Theme
        val = self._get_option_value(self.panel.theme_dropdown.selected_option)
        self.assertEqual(val, "Klingon")
    
        # Class
        val = self._get_option_value(self.panel.class_dropdown.selected_option)
        self.assertEqual(val, target_class)
    
        # AI
        # AI Strategy Name lookup
        strat_name = COMBAT_STRATEGIES["kamikaze"]["name"]
        val = self._get_option_value(self.panel.ai_dropdown.selected_option)
>       self.assertEqual(val, strat_name)
E       AssertionError: 'Standard Ranged' != 'Kamikaze'
E       - Standard Ranged
E       + Kamikaze

tests\unit\test_builder_ui_sync.py:92: AssertionError
---------------------------- Captured stdout call -----------------------------
WARN: C:\Dev\Starship Battles\data\game.simulation.components.component.json not found in CWD (C:\Dev\Starship Battles).
ERROR: components file not found at C:\Dev\Starship Battles\data\game.simulation.components.component.json
---------------------------- Captured log teardown ----------------------------
[32mINFO    [0m StarshipBattles:logger.py:32 ShipThemeManager caches cleared.
============================== warnings summary ===============================
simulation_tests\data_driven\test_combat_targeting.py:17: 16 warnings
  c:\Dev\Starship Battles\simulation_tests\data_driven\test_combat_targeting.py:17: PytestUnknownMarkWarning: Unknown pytest.mark.use_custom_data - is this a typo?  You can register custom marks to avoid this warning - for details, see https://docs.pytest.org/en/stable/how-to/mark.html
    @pytest.mark.use_custom_data

simulation_tests\data_driven\test_engine_physics.py:24: 16 warnings
  c:\Dev\Starship Battles\simulation_tests\data_driven\test_engine_physics.py:24: PytestUnknownMarkWarning: Unknown pytest.mark.use_custom_data - is this a typo?  You can register custom marks to avoid this warning - for details, see https://docs.pytest.org/en/stable/how-to/mark.html
    @pytest.mark.use_custom_data

simulation_tests\data_driven\test_engine_physics.py:153: 16 warnings
  c:\Dev\Starship Battles\simulation_tests\data_driven\test_engine_physics.py:153: PytestUnknownMarkWarning: Unknown pytest.mark.use_custom_data - is this a typo?  You can register custom marks to avoid this warning - for details, see https://docs.pytest.org/en/stable/how-to/mark.html
    @pytest.mark.use_custom_data

simulation_tests\data_driven\test_ship_extended.py:15: 16 warnings
  c:\Dev\Starship Battles\simulation_tests\data_driven\test_ship_extended.py:15: PytestUnknownMarkWarning: Unknown pytest.mark.use_custom_data - is this a typo?  You can register custom marks to avoid this warning - for details, see https://docs.pytest.org/en/stable/how-to/mark.html
    @pytest.mark.use_custom_data

simulation_tests\data_driven\test_ship_extended.py:100: 16 warnings
  c:\Dev\Starship Battles\simulation_tests\data_driven\test_ship_extended.py:100: PytestUnknownMarkWarning: Unknown pytest.mark.use_custom_data - is this a typo?  You can register custom marks to avoid this warning - for details, see https://docs.pytest.org/en/stable/how-to/mark.html
    @pytest.mark.use_custom_data

simulation_tests\data_driven\test_ship_extended.py:170: 16 warnings
  c:\Dev\Starship Battles\simulation_tests\data_driven\test_ship_extended.py:170: PytestUnknownMarkWarning: Unknown pytest.mark.use_custom_data - is this a typo?  You can register custom marks to avoid this warning - for details, see https://docs.pytest.org/en/stable/how-to/mark.html
    @pytest.mark.use_custom_data

simulation_tests\data_driven\test_ship_requirements.py:14: 16 warnings
  c:\Dev\Starship Battles\simulation_tests\data_driven\test_ship_requirements.py:14: PytestUnknownMarkWarning: Unknown pytest.mark.use_custom_data - is this a typo?  You can register custom marks to avoid this warning - for details, see https://docs.pytest.org/en/stable/how-to/mark.html
    @pytest.mark.use_custom_data

simulation_tests\data_driven\test_vehicle_types.py:19: 16 warnings
  c:\Dev\Starship Battles\simulation_tests\data_driven\test_vehicle_types.py:19: PytestUnknownMarkWarning: Unknown pytest.mark.use_custom_data - is this a typo?  You can register custom marks to avoid this warning - for details, see https://docs.pytest.org/en/stable/how-to/mark.html
    @pytest.mark.use_custom_data

simulation_tests\data_driven\test_vehicle_types.py:76: 16 warnings
  c:\Dev\Starship Battles\simulation_tests\data_driven\test_vehicle_types.py:76: PytestUnknownMarkWarning: Unknown pytest.mark.use_custom_data - is this a typo?  You can register custom marks to avoid this warning - for details, see https://docs.pytest.org/en/stable/how-to/mark.html
    @pytest.mark.use_custom_data

simulation_tests\data_driven\test_vehicle_types.py:104: 16 warnings
  c:\Dev\Starship Battles\simulation_tests\data_driven\test_vehicle_types.py:104: PytestUnknownMarkWarning: Unknown pytest.mark.use_custom_data - is this a typo?  You can register custom marks to avoid this warning - for details, see https://docs.pytest.org/en/stable/how-to/mark.html
    @pytest.mark.use_custom_data

simulation_tests\data_driven\test_vehicle_types.py:182: 16 warnings
  c:\Dev\Starship Battles\simulation_tests\data_driven\test_vehicle_types.py:182: PytestUnknownMarkWarning: Unknown pytest.mark.use_custom_data - is this a typo?  You can register custom marks to avoid this warning - for details, see https://docs.pytest.org/en/stable/how-to/mark.html
    @pytest.mark.use_custom_data

simulation_tests\data_driven\test_vehicle_types.py:219: 16 warnings
  c:\Dev\Starship Battles\simulation_tests\data_driven\test_vehicle_types.py:219: PytestUnknownMarkWarning: Unknown pytest.mark.use_custom_data - is this a typo?  You can register custom marks to avoid this warning - for details, see https://docs.pytest.org/en/stable/how-to/mark.html
    @pytest.mark.use_custom_data

simulation_tests\data_driven\test_vehicle_types.py:310: 16 warnings
  c:\Dev\Starship Battles\simulation_tests\data_driven\test_vehicle_types.py:310: PytestUnknownMarkWarning: Unknown pytest.mark.use_custom_data - is this a typo?  You can register custom marks to avoid this warning - for details, see https://docs.pytest.org/en/stable/how-to/mark.html
    @pytest.mark.use_custom_data

test_framework\runner.py:14: 16 warnings
  C:\Dev\Starship Battles\test_framework\runner.py:14: PytestCollectionWarning: cannot collect test class 'TestRunner' because it has a __init__ constructor (from: ui/test_lab_scene.py)
    class TestRunner:

ui\test_lab_scene.py:13: 16 warnings
  C:\Dev\Starship Battles\ui\test_lab_scene.py:13: PytestCollectionWarning: cannot collect test class 'TestLabScene' because it has a __init__ constructor (from: ui/test_lab_scene.py)
    class TestLabScene:

tests/unit/test_builder_structure_features.py: 5 warnings
tests/unit/test_multi_selection_logic.py: 3 warnings
tests/unit/test_selection_refinements.py: 2 warnings
  C:\Users\rossr\AppData\Local\Programs\Python\Python310\lib\site-packages\pygame_gui\core\drawable_shapes\rounded_rect_drawable_shape.py:92: UserWarning: Clamping shadow_width of: 2, to: 0
    warnings.warn(

tests/unit/test_builder_structure_features.py: 5 warnings
tests/unit/test_multi_selection_logic.py: 3 warnings
tests/unit/test_selection_refinements.py: 2 warnings
  C:\Users\rossr\AppData\Local\Programs\Python\Python310\lib\site-packages\pygame_gui\core\drawable_shapes\rounded_rect_drawable_shape.py:113: UserWarning: Clamping border_width of: 1, to: 0
    warnings.warn(

tests/unit/test_builder_ui_sync.py::TestBuilderUISync::test_revert_protection
tests/unit/test_builder_ui_sync.py::TestBuilderUISync::test_type_change_filtering
tests/unit/test_builder_ui_sync.py::TestBuilderUISync::test_refresh_controls_syncs_ui
  C:\Users\rossr\AppData\Local\Programs\Python\Python310\lib\site-packages\pygame_gui\elements\ui_label.py:176: UserWarning: Label Rect is too small for text: Max Energy: - size diff: (-15, 0)
    warnings.warn(warn_text, UserWarning)

tests/unit/test_builder_ui_sync.py::TestBuilderUISync::test_revert_protection
tests/unit/test_builder_ui_sync.py::TestBuilderUISync::test_type_change_filtering
tests/unit/test_builder_ui_sync.py::TestBuilderUISync::test_refresh_controls_syncs_ui
  C:\Users\rossr\AppData\Local\Programs\Python\Python310\lib\site-packages\pygame_gui\elements\ui_label.py:176: UserWarning: Label Rect is too small for text: Energy Gen: - size diff: (-14, 0)
    warnings.warn(warn_text, UserWarning)

tests/unit/test_builder_ui_sync.py::TestBuilderUISync::test_revert_protection
tests/unit/test_builder_ui_sync.py::TestBuilderUISync::test_type_change_filtering
tests/unit/test_builder_ui_sync.py::TestBuilderUISync::test_refresh_controls_syncs_ui
  C:\Users\rossr\AppData\Local\Programs\Python\Python310\lib\site-packages\pygame_gui\elements\ui_label.py:176: UserWarning: Label Rect is too small for text: Total Thrust: - size diff: (-17, 0)
    warnings.warn(warn_text, UserWarning)

tests/unit/test_builder_ui_sync.py::TestBuilderUISync::test_revert_protection
tests/unit/test_builder_ui_sync.py::TestBuilderUISync::test_type_change_filtering
tests/unit/test_builder_ui_sync.py::TestBuilderUISync::test_refresh_controls_syncs_ui
  C:\Users\rossr\AppData\Local\Programs\Python\Python310\lib\site-packages\pygame_gui\elements\ui_label.py:176: UserWarning: Label Rect is too small for text: Acceleration: - size diff: (-19, 0)
    warnings.warn(warn_text, UserWarning)

tests/unit/test_builder_ui_sync.py::TestBuilderUISync::test_revert_protection
tests/unit/test_builder_ui_sync.py::TestBuilderUISync::test_type_change_filtering
tests/unit/test_builder_ui_sync.py::TestBuilderUISync::test_refresh_controls_syncs_ui
  C:\Users\rossr\AppData\Local\Programs\Python\Python310\lib\site-packages\pygame_gui\elements\ui_label.py:176: UserWarning: Label Rect is too small for text: Top Speed: - size diff: (-7, 0)
    warnings.warn(warn_text, UserWarning)

tests/unit/test_builder_ui_sync.py::TestBuilderUISync::test_revert_protection
tests/unit/test_builder_ui_sync.py::TestBuilderUISync::test_type_change_filtering
tests/unit/test_builder_ui_sync.py::TestBuilderUISync::test_refresh_controls_syncs_ui
  C:\Users\rossr\AppData\Local\Programs\Python\Python310\lib\site-packages\pygame_gui\elements\ui_label.py:176: UserWarning: Label Rect is too small for text: Total Maneuvering Points: - size diff: (-108, 0)
    warnings.warn(warn_text, UserWarning)

tests/unit/test_builder_ui_sync.py::TestBuilderUISync::test_revert_protection
tests/unit/test_builder_ui_sync.py::TestBuilderUISync::test_type_change_filtering
tests/unit/test_builder_ui_sync.py::TestBuilderUISync::test_refresh_controls_syncs_ui
  C:\Users\rossr\AppData\Local\Programs\Python\Python310\lib\site-packages\pygame_gui\elements\ui_label.py:176: UserWarning: Label Rect is too small for text: Turning Rate: - size diff: (-24, 0)
    warnings.warn(warn_text, UserWarning)

tests/unit/test_builder_ui_sync.py::TestBuilderUISync::test_revert_protection
tests/unit/test_builder_ui_sync.py::TestBuilderUISync::test_type_change_filtering
tests/unit/test_builder_ui_sync.py::TestBuilderUISync::test_refresh_controls_syncs_ui
  C:\Users\rossr\AppData\Local\Programs\Python\Python310\lib\site-packages\pygame_gui\elements\ui_label.py:176: UserWarning: Label Rect is too small for text: Max Shields: - size diff: (-18, 0)
    warnings.warn(warn_text, UserWarning)

tests/unit/test_builder_ui_sync.py::TestBuilderUISync::test_revert_protection
tests/unit/test_builder_ui_sync.py::TestBuilderUISync::test_type_change_filtering
tests/unit/test_builder_ui_sync.py::TestBuilderUISync::test_refresh_controls_syncs_ui
  C:\Users\rossr\AppData\Local\Programs\Python\Python310\lib\site-packages\pygame_gui\elements\ui_label.py:176: UserWarning: Label Rect is too small for text: Shield Regen: - size diff: (-26, 0)
    warnings.warn(warn_text, UserWarning)

tests/unit/test_builder_ui_sync.py::TestBuilderUISync::test_revert_protection
tests/unit/test_builder_ui_sync.py::TestBuilderUISync::test_type_change_filtering
tests/unit/test_builder_ui_sync.py::TestBuilderUISync::test_refresh_controls_syncs_ui
  C:\Users\rossr\AppData\Local\Programs\Python\Python310\lib\site-packages\pygame_gui\elements\ui_label.py:176: UserWarning: Label Rect is too small for text: Regen Cost: - size diff: (-13, 0)
    warnings.warn(warn_text, UserWarning)

tests/unit/test_builder_ui_sync.py::TestBuilderUISync::test_revert_protection
tests/unit/test_builder_ui_sync.py::TestBuilderUISync::test_type_change_filtering
tests/unit/test_builder_ui_sync.py::TestBuilderUISync::test_refresh_controls_syncs_ui
  C:\Users\rossr\AppData\Local\Programs\Python\Python310\lib\site-packages\pygame_gui\elements\ui_label.py:176: UserWarning: Label Rect is too small for text: Total Armor HP: - size diff: (-37, 0)
    warnings.warn(warn_text, UserWarning)

tests/unit/test_builder_ui_sync.py::TestBuilderUISync::test_revert_protection
tests/unit/test_builder_ui_sync.py::TestBuilderUISync::test_type_change_filtering
tests/unit/test_builder_ui_sync.py::TestBuilderUISync::test_refresh_controls_syncs_ui
  C:\Users\rossr\AppData\Local\Programs\Python\Python310\lib\site-packages\pygame_gui\elements\ui_label.py:176: UserWarning: Label Rect is too small for text: Dmg Ignore: - size diff: (-17, 0)
    warnings.warn(warn_text, UserWarning)

tests/unit/test_builder_ui_sync.py::TestBuilderUISync::test_revert_protection
tests/unit/test_builder_ui_sync.py::TestBuilderUISync::test_type_change_filtering
tests/unit/test_builder_ui_sync.py::TestBuilderUISync::test_refresh_controls_syncs_ui
  C:\Users\rossr\AppData\Local\Programs\Python\Python310\lib\site-packages\pygame_gui\elements\ui_label.py:176: UserWarning: Label Rect is too small for text: Shield Regen/Hit: - size diff: (-50, 0)
    warnings.warn(warn_text, UserWarning)

tests/unit/test_builder_ui_sync.py::TestBuilderUISync::test_revert_protection
tests/unit/test_builder_ui_sync.py::TestBuilderUISync::test_type_change_filtering
tests/unit/test_builder_ui_sync.py::TestBuilderUISync::test_refresh_controls_syncs_ui
  C:\Users\rossr\AppData\Local\Programs\Python\Python310\lib\site-packages\pygame_gui\elements\ui_label.py:176: UserWarning: Label Rect is too small for text: Max Targets: - size diff: (-18, 0)
    warnings.warn(warn_text, UserWarning)

tests/unit/test_builder_ui_sync.py::TestBuilderUISync::test_revert_protection
tests/unit/test_builder_ui_sync.py::TestBuilderUISync::test_type_change_filtering
tests/unit/test_builder_ui_sync.py::TestBuilderUISync::test_refresh_controls_syncs_ui
  C:\Users\rossr\AppData\Local\Programs\Python\Python310\lib\site-packages\pygame_gui\elements\ui_label.py:176: UserWarning: Label Rect is too small for text: Evasion Score: - size diff: (-28, 0)
    warnings.warn(warn_text, UserWarning)

tests/unit/test_builder_ui_sync.py::TestBuilderUISync::test_revert_protection
tests/unit/test_builder_ui_sync.py::TestBuilderUISync::test_type_change_filtering
tests/unit/test_builder_ui_sync.py::TestBuilderUISync::test_refresh_controls_syncs_ui
  C:\Users\rossr\AppData\Local\Programs\Python\Python310\lib\site-packages\pygame_gui\elements\ui_label.py:176: UserWarning: Label Rect is too small for text: Targeting Score: - size diff: (-42, 0)
    warnings.warn(warn_text, UserWarning)

tests/unit/test_builder_ui_sync.py::TestBuilderUISync::test_revert_protection
tests/unit/test_builder_ui_sync.py::TestBuilderUISync::test_type_change_filtering
tests/unit/test_builder_ui_sync.py::TestBuilderUISync::test_refresh_controls_syncs_ui
  C:\Users\rossr\AppData\Local\Programs\Python\Python310\lib\site-packages\pygame_gui\elements\ui_label.py:176: UserWarning: Label Rect is too small for text: Crew Required: - size diff: (-36, 0)
    warnings.warn(warn_text, UserWarning)

tests/unit/test_builder_ui_sync.py::TestBuilderUISync::test_revert_protection
tests/unit/test_builder_ui_sync.py::TestBuilderUISync::test_type_change_filtering
tests/unit/test_builder_ui_sync.py::TestBuilderUISync::test_refresh_controls_syncs_ui
  C:\Users\rossr\AppData\Local\Programs\Python\Python310\lib\site-packages\pygame_gui\elements\ui_label.py:176: UserWarning: Label Rect is too small for text: Crew On Board: - size diff: (-38, 0)
    warnings.warn(warn_text, UserWarning)

tests/unit/test_builder_ui_sync.py::TestBuilderUISync::test_revert_protection
tests/unit/test_builder_ui_sync.py::TestBuilderUISync::test_type_change_filtering
tests/unit/test_builder_ui_sync.py::TestBuilderUISync::test_refresh_controls_syncs_ui
  C:\Users\rossr\AppData\Local\Programs\Python\Python310\lib\site-packages\pygame_gui\elements\ui_label.py:176: UserWarning: Label Rect is too small for text: Life Support: - size diff: (-19, 0)
    warnings.warn(warn_text, UserWarning)

tests/unit/test_builder_ui_sync.py::TestBuilderUISync::test_revert_protection
tests/unit/test_builder_ui_sync.py::TestBuilderUISync::test_type_change_filtering
tests/unit/test_builder_ui_sync.py::TestBuilderUISync::test_refresh_controls_syncs_ui
  C:\\Users\\rossr\\AppData\\Local\\Programs\\Python\\Python310\\lib\\site-packages\\pygame_gui\\elements\\ui_label.py:176: UserWarning: Label Rect is too small for text: \u2500\u2500 Fighter Support \u2500\u2500 - size diff: (-11, 5)\n    warnings.warn(warn_text, UserWarning)

tests/unit/test_builder_ui_sync.py::TestBuilderUISync::test_revert_protection
tests/unit/test_builder_ui_sync.py::TestBuilderUISync::test_type_change_filtering
tests/unit/test_builder_ui_sync.py::TestBuilderUISync::test_refresh_controls_syncs_ui
  C:\Users\rossr\AppData\Local\Programs\Python\Python310\lib\site-packages\pygame_gui\elements\ui_label.py:176: UserWarning: Label Rect is too small for text: Fighter Cap: - size diff: (-15, 0)
    warnings.warn(warn_text, UserWarning)

tests/unit/test_builder_ui_sync.py::TestBuilderUISync::test_revert_protection
tests/unit/test_builder_ui_sync.py::TestBuilderUISync::test_type_change_filtering
tests/unit/test_builder_ui_sync.py::TestBuilderUISync::test_refresh_controls_syncs_ui
  C:\Users\rossr\AppData\Local\Programs\Python\Python310\lib\site-packages\pygame_gui\elements\ui_label.py:176: UserWarning: Label Rect is too small for text: Launch/Wave: - size diff: (-26, 0)
    warnings.warn(warn_text, UserWarning)

tests/unit/test_builder_ui_sync.py::TestBuilderUISync::test_revert_protection
tests/unit/test_builder_ui_sync.py::TestBuilderUISync::test_type_change_filtering
tests/unit/test_builder_ui_sync.py::TestBuilderUISync::test_refresh_controls_syncs_ui
  C:\Users\rossr\AppData\Local\Programs\Python\Python310\lib\site-packages\pygame_gui\elements\ui_label.py:176: UserWarning: Label Rect is too small for text: Fighter Time: - size diff: (-22, 0)
    warnings.warn(warn_text, UserWarning)

tests/unit/test_builder_ui_sync.py::TestBuilderUISync::test_revert_protection
tests/unit/test_builder_ui_sync.py::TestBuilderUISync::test_type_change_filtering
tests/unit/test_builder_ui_sync.py::TestBuilderUISync::test_refresh_controls_syncs_ui
  C:\\Users\\rossr\\AppData\\Local\\Programs\\Python\\Python310\\lib\\site-packages\\pygame_gui\\elements\\ui_label.py:176: UserWarning: Label Rect is too small for text: \u2500\u2500 Recommendations \u2500\u2500 - size diff: (-30, 0)\n    warnings.warn(warn_text, UserWarning)

tests/unit/test_builder_structure_features.py::TestBuilderStructureFeatures::test_modifier_propagation
tests/unit/test_builder_structure_features.py::TestBuilderStructureFeatures::test_multi_selection_logic
tests/unit/test_multi_selection_logic.py::TestMultiSelectionLogic::test_range_append_integration
tests/unit/test_selection_refinements.py::TestSelectionRefinements::test_homogeneity_enforcement
tests/unit/test_multi_selection_logic.py::TestMultiSelectionLogic::test_range_selection_integration
tests/unit/test_selection_refinements.py::TestSelectionRefinements::test_reselection_behavior
tests/unit/test_multi_selection_logic.py::TestMultiSelectionLogic::test_toggle_behavior
  C:\Users\rossr\AppData\Local\Programs\Python\Python310\lib\site-packages\pygame_gui\core\ui_font_dictionary.py:405: UserWarning: Finding font with id: noto_sans_bold_aa_14 that is not already loaded.
  Preload this font with {'name': 'noto_sans', 'point_size': 14, 'style': 'bold', 'antialiased': '1'}
    warnings.warn(warning_string, UserWarning)

tests/unit/test_builder_structure_features.py::TestBuilderStructureFeatures::test_modifier_propagation
  C:\Users\rossr\AppData\Local\Programs\Python\Python310\lib\site-packages\pygame_gui\core\text\html_parser.py:179: UserWarning: Unsupported HTML Tag <magicmock>. Check documentation for full range of supported tags.
    warnings.warn(warning_text, UserWarning)

-- Docs: https://docs.pytest.org/en/stable/how-to/capture-warnings.html
=========================== short test summary info ===========================
FAILED simulation_tests/data_driven/test_combat_targeting.py::TestCombatTargeting::test_target_prioritization
FAILED simulation_tests/data_driven/test_combat_targeting.py::TestCombatTargeting::test_firing_arc_validation
FAILED simulation_tests/data_driven/test_combat_targeting.py::TestCombatTargeting::test_resource_consumption_ammo
FAILED simulation_tests/data_driven/test_combat_targeting.py::TestCombatTargeting::test_resource_consumption_beam
FAILED simulation_tests/data_driven/test_combat_targeting.py::TestCombatTargeting::test_seeker_ignores_arc
FAILED simulation_tests/data_driven/test_ship_extended.py::TestMaxWeaponRange::test_max_weapon_range_multiple_weapons
FAILED simulation_tests/data_driven/test_ship_extended.py::TestMaxWeaponRange::test_max_weapon_range_single_weapon
FAILED tests/unit/test_ai.py::TestAIStrategyStates::test_attack_run_transitions_to_retreat
FAILED tests/unit/test_bug_regressions_2026_01.py::TestBugFixRegressions::test_bug2_weapon_ability_access
FAILED tests/unit/test_combat.py::TestCombatFlow::test_fire_weapons_creates_projectiles
FAILED tests/unit/test_components.py::TestModifierStacking::test_range_stacking
FAILED tests/unit/test_multitarget.py::TestMultitarget::test_pdc_missile_logic
FAILED tests/unit/test_modifier_defaults_robustness.py::TestModifierDefaultsRobustness::test_pdc_min_constraint_robustness
FAILED tests/unit/test_modifier_defaults_robustness.py::TestModifierDefaultsRobustness::test_railgun_defaults_robustness
FAILED tests/unit/test_modifier_defaults_robustness.py::TestModifierDefaultsRobustness::test_pdc_defaults_robustness
FAILED tests/unit/test_ship_theme_logic.py::TestShipThemeLogic::test_get_image_metrics
FAILED tests/unit/test_pdc.py::TestPDC::test_pdc_targets_missile - AssertionE...
FAILED tests/unit/test_ship_caching.py::TestShipCaching::test_cached_summary_populated_after_calc
FAILED tests/unit/test_ship_caching.py::TestShipCaching::test_cached_summary_updates
FAILED tests/unit/test_main_integration.py::TestMainIntegration::test_game_instantiation
FAILED tests/unit/test_builder_ui_sync.py::TestBuilderUISync::test_refresh_controls_syncs_ui
================ 21 failed, 567 passed, 340 warnings in 5.05s =================
